[2025-06-18 05:04:19,347][__main__][INFO] - Hydra output directory: /app/logs/bird_classification_distillation_extract_calls_100_epochs/2025-06-18_05-04-19
[2025-06-18 05:04:19,352][__main__][INFO] - Full config:
experiment_name: bird_classification_distillation_extract_calls_100_epochs
distillation:
  alpha: 0.4
  temperature: 3.0
  adaptive: true
  adaptation_rate: 0.1
  alpha_schedule: constant
  confidence_threshold: 0.05
training:
  epochs: 50
  batch_size: 64
  patience: 20
  min_delta: 0.001
  seed: 42
model:
  spectrogram_type: combined_log_linear
  hidden_dim: 64
  n_mel_bins: 64
  n_linear_filters: 64
  trainable_filterbank: true
  initial_breakpoint: 4000.0
  initial_transition_width: 100.0
  n_fft: 1024
  hop_length: 320
  matchbox:
    base_filters: 32
    num_layers: 3
    kernel_size: 3
    dropout: 0.1
optimizer:
  _target_: torch.optim.AdamW
  lr: 0.001
  weight_decay: 0.01
scheduler:
  _target_: torch.optim.lr_scheduler.ReduceLROnPlateau
  mode: min
  factor: 0.5
  patience: 5
  min_lr: 1.0e-06
dataset:
  soft_labels_path: test_soft_labels
  main_data_dir: bird_sound_dataset
  allowed_bird_classes:
  - Bubo_bubo
  - Certhia_familiaris
  - Apus_apus
  - Certhia_brachydactyla
  - Emberiza_cia
  - Lophophanes_cristatus
  - Periparus_ater
  - Poecile_montanus
  load_pregenerated_no_birds: true
  pregenerated_no_birds_dir: augmented_dataset/no_birds
  num_no_bird_samples: 836
  augmentation:
    enabled: true
    noise_level: 0.01
    time_mask_param: 30
    freq_mask_param: 10
    time_shift_limit: 0.1
    speed_perturb_rate_min: 0.95
    speed_perturb_rate_max: 1.05
  sample_rate: 32000
  clip_duration: 3.0
  lowcut: 150.0
  highcut: 16000.0
  extract_calls: true
  esc50_dir: esc-50/ESC-50-master
  val_split: 0.15
  test_split: 0.15
  seed: 42

[2025-06-18 05:04:19,353][__main__][INFO] - Using soft labels from: /app/test_soft_labels
[2025-06-18 05:04:19,353][__main__][INFO] - Initialized trainer on device: cuda
[2025-06-18 05:04:19,353][__main__][INFO] - Outputs will be saved to: /app/logs/bird_classification_distillation_extract_calls_100_epochs/2025-06-18_05-04-19
[2025-06-18 05:04:19,353][__main__][INFO] - Setting up data loaders with soft labels...
[2025-06-18 05:04:19,529][__main__][INFO] - Train samples: 7582
[2025-06-18 05:04:19,529][__main__][INFO] - Val samples: 1620
[2025-06-18 05:04:19,529][__main__][INFO] - Test samples: 1620
[2025-06-18 05:04:19,529][__main__][INFO] - Soft labels info: {'num_classes': 9, 'target_species': ['Poecile montanus', 'Certhia familiaris', 'Apus apus', 'Bubo bubo', 'Periparus ater', 'Emberiza cia', 'Lophophanes cristatus', 'Certhia brachydactyla', 'non-bird'], 'confidence_threshold': 0.05, 'total_files_with_soft_labels': 9986, 'files_processed': 9986}
[2025-06-18 05:04:19,529][__main__][INFO] - Number of classes: 9
[2025-06-18 05:04:19,530][__main__][INFO] - Class names: ['Poecile montanus', 'Certhia familiaris', 'Apus apus', 'Bubo bubo', 'Periparus ater', 'Emberiza cia', 'Lophophanes cristatus', 'Certhia brachydactyla', 'non-bird']
[2025-06-18 05:04:19,530][__main__][INFO] - Setting up student model...
[2025-06-18 05:04:19,675][__main__][INFO] - Student model parameters: 53,516
[2025-06-18 05:04:19,676][__main__][INFO] - Setting up optimizer and scheduler...
[2025-06-18 05:04:20,656][__main__][INFO] - Optimizer: AdamW
[2025-06-18 05:04:20,656][__main__][INFO] - Scheduler: ReduceLROnPlateau
[2025-06-18 05:04:20,656][__main__][INFO] - Setting up distillation loss...
[2025-06-18 05:04:20,656][__main__][INFO] - Using Adaptive DistillationLoss
[2025-06-18 05:04:20,656][__main__][INFO] - Alpha: 0.4, Temperature: 3.0
[2025-06-18 05:04:20,657][__main__][INFO] - Starting training loop...
[2025-06-18 05:08:30,152][__main__][INFO] - Epoch 1 [Train] Avg Loss: 1.0227, Avg Acc: 52.2817
[2025-06-18 05:09:30,861][__main__][INFO] - Epoch 1 [Val] Avg Loss: 0.9947, Avg Acc: 57.7778
[2025-06-18 05:09:30,862][__main__][INFO] - Epoch 1 - Filter params: Breakpoint=3981.06Hz, Transition Width=99.54
[2025-06-18 05:09:30,862][__main__][INFO] - New best validation loss: 0.9947, Acc: 57.7778
[2025-06-18 05:09:30,863][__main__][INFO] - Saving best model to /app/logs/bird_classification_distillation_extract_calls_100_epochs/2025-06-18_05-04-19/bird_classification_distillation_extract_calls_100_epochs_best_model.pth...
[2025-06-18 05:13:37,824][__main__][INFO] - Epoch 2 [Train] Avg Loss: 0.8762, Avg Acc: 65.5104
[2025-06-18 05:14:36,121][__main__][INFO] - Epoch 2 [Val] Avg Loss: 0.8284, Avg Acc: 69.8765
[2025-06-18 05:14:36,122][__main__][INFO] - Epoch 2 - Filter params: Breakpoint=3962.23Hz, Transition Width=99.01
[2025-06-18 05:14:36,122][__main__][INFO] - New best validation loss: 0.8284, Acc: 69.8765
[2025-06-18 05:14:36,122][__main__][INFO] - Saving best model to /app/logs/bird_classification_distillation_extract_calls_100_epochs/2025-06-18_05-04-19/bird_classification_distillation_extract_calls_100_epochs_best_model.pth...
[2025-06-18 05:18:38,653][__main__][INFO] - Epoch 3 [Train] Avg Loss: 0.8209, Avg Acc: 70.2717
[2025-06-18 05:19:37,222][__main__][INFO] - Epoch 3 [Val] Avg Loss: 0.7836, Avg Acc: 73.7654
[2025-06-18 05:19:37,223][__main__][INFO] - Epoch 3 - Filter params: Breakpoint=3943.52Hz, Transition Width=98.46
[2025-06-18 05:19:37,224][__main__][INFO] - New best validation loss: 0.7836, Acc: 73.7654
[2025-06-18 05:19:37,224][__main__][INFO] - Saving best model to /app/logs/bird_classification_distillation_extract_calls_100_epochs/2025-06-18_05-04-19/bird_classification_distillation_extract_calls_100_epochs_best_model.pth...
[2025-06-18 05:23:40,675][__main__][INFO] - Epoch 4 [Train] Avg Loss: 0.7902, Avg Acc: 72.7908
[2025-06-18 05:24:39,349][__main__][INFO] - Epoch 4 [Val] Avg Loss: 0.7587, Avg Acc: 75.3086
[2025-06-18 05:24:39,350][__main__][INFO] - Epoch 4 - Filter params: Breakpoint=3924.90Hz, Transition Width=97.91
[2025-06-18 05:24:39,351][__main__][INFO] - New best validation loss: 0.7587, Acc: 75.3086
[2025-06-18 05:24:39,351][__main__][INFO] - Saving best model to /app/logs/bird_classification_distillation_extract_calls_100_epochs/2025-06-18_05-04-19/bird_classification_distillation_extract_calls_100_epochs_best_model.pth...
[2025-06-18 05:28:28,419][__main__][INFO] - Epoch 5 [Train] Avg Loss: 0.7692, Avg Acc: 74.5054
[2025-06-18 05:29:26,825][__main__][INFO] - Epoch 5 [Val] Avg Loss: 0.7318, Avg Acc: 78.3333
[2025-06-18 05:29:26,825][__main__][INFO] - Epoch 5 - Filter params: Breakpoint=3906.32Hz, Transition Width=97.38
[2025-06-18 05:29:26,825][__main__][INFO] - New best validation loss: 0.7318, Acc: 78.3333
[2025-06-18 05:29:26,825][__main__][INFO] - Saving best model to /app/logs/bird_classification_distillation_extract_calls_100_epochs/2025-06-18_05-04-19/bird_classification_distillation_extract_calls_100_epochs_best_model.pth...
[2025-06-18 05:33:32,795][__main__][INFO] - Epoch 6 [Train] Avg Loss: 0.7510, Avg Acc: 75.7716
[2025-06-18 05:34:32,124][__main__][INFO] - Epoch 6 [Val] Avg Loss: 0.7405, Avg Acc: 76.9753
[2025-06-18 05:34:32,125][__main__][INFO] - Epoch 6 - Filter params: Breakpoint=3887.80Hz, Transition Width=96.86
[2025-06-18 05:38:31,387][__main__][INFO] - Epoch 7 [Train] Avg Loss: 0.7401, Avg Acc: 76.2464
[2025-06-18 05:39:30,910][__main__][INFO] - Epoch 7 [Val] Avg Loss: 0.7107, Avg Acc: 79.4444
[2025-06-18 05:39:30,910][__main__][INFO] - Epoch 7 - Filter params: Breakpoint=3869.41Hz, Transition Width=96.34
[2025-06-18 05:39:30,910][__main__][INFO] - New best validation loss: 0.7107, Acc: 79.4444
[2025-06-18 05:39:30,911][__main__][INFO] - Saving best model to /app/logs/bird_classification_distillation_extract_calls_100_epochs/2025-06-18_05-04-19/bird_classification_distillation_extract_calls_100_epochs_best_model.pth...
[2025-06-18 05:43:19,101][__main__][INFO] - Epoch 8 [Train] Avg Loss: 0.7305, Avg Acc: 77.4202
[2025-06-18 05:44:18,359][__main__][INFO] - Epoch 8 [Val] Avg Loss: 0.7233, Avg Acc: 78.7037
[2025-06-18 05:44:18,360][__main__][INFO] - Epoch 8 - Filter params: Breakpoint=3851.07Hz, Transition Width=95.86
[2025-06-18 05:48:12,325][__main__][INFO] - Epoch 9 [Train] Avg Loss: 0.7133, Avg Acc: 78.8314
[2025-06-18 05:49:11,609][__main__][INFO] - Epoch 9 [Val] Avg Loss: 0.6907, Avg Acc: 81.2963
[2025-06-18 05:49:11,609][__main__][INFO] - Epoch 9 - Filter params: Breakpoint=3832.87Hz, Transition Width=95.37
[2025-06-18 05:49:11,610][__main__][INFO] - New best validation loss: 0.6907, Acc: 81.2963
[2025-06-18 05:49:11,610][__main__][INFO] - Saving best model to /app/logs/bird_classification_distillation_extract_calls_100_epochs/2025-06-18_05-04-19/bird_classification_distillation_extract_calls_100_epochs_best_model.pth...
[2025-06-18 05:53:14,066][__main__][INFO] - Epoch 10 [Train] Avg Loss: 0.7061, Avg Acc: 78.9633
[2025-06-18 05:54:13,500][__main__][INFO] - Epoch 10 [Val] Avg Loss: 0.6803, Avg Acc: 80.9877
[2025-06-18 05:54:13,501][__main__][INFO] - Epoch 10 - Filter params: Breakpoint=3814.74Hz, Transition Width=94.87
[2025-06-18 05:54:13,501][__main__][INFO] - New best validation loss: 0.6803, Acc: 80.9877
[2025-06-18 05:54:13,501][__main__][INFO] - Saving best model to /app/logs/bird_classification_distillation_extract_calls_100_epochs/2025-06-18_05-04-19/bird_classification_distillation_extract_calls_100_epochs_best_model.pth...
[2025-06-18 05:58:25,884][__main__][INFO] - Epoch 11 [Train] Avg Loss: 0.7035, Avg Acc: 79.3722
[2025-06-18 05:59:24,687][__main__][INFO] - Epoch 11 [Val] Avg Loss: 0.6856, Avg Acc: 81.2346
[2025-06-18 05:59:24,688][__main__][INFO] - Epoch 11 - Filter params: Breakpoint=3796.73Hz, Transition Width=94.38
[2025-06-18 06:03:20,256][__main__][INFO] - Epoch 12 [Train] Avg Loss: 0.6963, Avg Acc: 80.3086
[2025-06-18 06:04:19,550][__main__][INFO] - Epoch 12 [Val] Avg Loss: 0.6766, Avg Acc: 81.7284
[2025-06-18 06:04:19,550][__main__][INFO] - Epoch 12 - Filter params: Breakpoint=3778.78Hz, Transition Width=93.91
[2025-06-18 06:04:19,551][__main__][INFO] - New best validation loss: 0.6766, Acc: 81.7284
[2025-06-18 06:04:19,551][__main__][INFO] - Saving best model to /app/logs/bird_classification_distillation_extract_calls_100_epochs/2025-06-18_05-04-19/bird_classification_distillation_extract_calls_100_epochs_best_model.pth...
[2025-06-18 06:08:11,668][__main__][INFO] - Epoch 13 [Train] Avg Loss: 0.6924, Avg Acc: 80.1504
[2025-06-18 06:09:10,897][__main__][INFO] - Epoch 13 [Val] Avg Loss: 0.6631, Avg Acc: 82.9630
[2025-06-18 06:09:10,898][__main__][INFO] - Epoch 13 - Filter params: Breakpoint=3760.94Hz, Transition Width=93.42
[2025-06-18 06:09:10,898][__main__][INFO] - New best validation loss: 0.6631, Acc: 82.9630
[2025-06-18 06:09:10,898][__main__][INFO] - Saving best model to /app/logs/bird_classification_distillation_extract_calls_100_epochs/2025-06-18_05-04-19/bird_classification_distillation_extract_calls_100_epochs_best_model.pth...
[2025-06-18 06:13:13,653][__main__][INFO] - Epoch 14 [Train] Avg Loss: 0.6883, Avg Acc: 80.2559
[2025-06-18 06:14:12,384][__main__][INFO] - Epoch 14 [Val] Avg Loss: 0.6726, Avg Acc: 82.7160
[2025-06-18 06:14:12,385][__main__][INFO] - Epoch 14 - Filter params: Breakpoint=3743.19Hz, Transition Width=92.93
[2025-06-18 06:18:13,924][__main__][INFO] - Epoch 15 [Train] Avg Loss: 0.6839, Avg Acc: 80.5197
[2025-06-18 06:19:13,182][__main__][INFO] - Epoch 15 [Val] Avg Loss: 0.6650, Avg Acc: 82.2222
[2025-06-18 06:19:13,183][__main__][INFO] - Epoch 15 - Filter params: Breakpoint=3725.54Hz, Transition Width=92.42
[2025-06-18 06:23:03,941][__main__][INFO] - Epoch 16 [Train] Avg Loss: 0.6801, Avg Acc: 80.8626
[2025-06-18 06:24:03,242][__main__][INFO] - Epoch 16 [Val] Avg Loss: 0.6624, Avg Acc: 82.9012
[2025-06-18 06:24:03,242][__main__][INFO] - Epoch 16 - Filter params: Breakpoint=3707.97Hz, Transition Width=91.93
[2025-06-18 06:24:03,242][__main__][INFO] - New best validation loss: 0.6624, Acc: 82.9012
[2025-06-18 06:24:03,242][__main__][INFO] - Saving best model to /app/logs/bird_classification_distillation_extract_calls_100_epochs/2025-06-18_05-04-19/bird_classification_distillation_extract_calls_100_epochs_best_model.pth...
[2025-06-18 06:28:02,404][__main__][INFO] - Epoch 17 [Train] Avg Loss: 0.6811, Avg Acc: 81.1264
[2025-06-18 06:29:01,907][__main__][INFO] - Epoch 17 [Val] Avg Loss: 0.6645, Avg Acc: 82.8395
[2025-06-18 06:29:01,907][__main__][INFO] - Epoch 17 - Filter params: Breakpoint=3690.49Hz, Transition Width=91.43
[2025-06-18 06:32:57,256][__main__][INFO] - Epoch 18 [Train] Avg Loss: 0.6732, Avg Acc: 81.5748
[2025-06-18 06:33:56,517][__main__][INFO] - Epoch 18 [Val] Avg Loss: 0.6616, Avg Acc: 83.0247
[2025-06-18 06:33:56,518][__main__][INFO] - Epoch 18 - Filter params: Breakpoint=3673.12Hz, Transition Width=90.90
[2025-06-18 06:33:56,518][__main__][INFO] - New best validation loss: 0.6616, Acc: 83.0247
[2025-06-18 06:33:56,518][__main__][INFO] - Saving best model to /app/logs/bird_classification_distillation_extract_calls_100_epochs/2025-06-18_05-04-19/bird_classification_distillation_extract_calls_100_epochs_best_model.pth...
[2025-06-18 06:37:55,930][__main__][INFO] - Epoch 19 [Train] Avg Loss: 0.6689, Avg Acc: 82.0760
[2025-06-18 06:38:55,025][__main__][INFO] - Epoch 19 [Val] Avg Loss: 0.6515, Avg Acc: 83.3951
[2025-06-18 06:38:55,025][__main__][INFO] - Epoch 19 - Filter params: Breakpoint=3655.82Hz, Transition Width=90.40
[2025-06-18 06:38:55,025][__main__][INFO] - New best validation loss: 0.6515, Acc: 83.3951
[2025-06-18 06:38:55,025][__main__][INFO] - Saving best model to /app/logs/bird_classification_distillation_extract_calls_100_epochs/2025-06-18_05-04-19/bird_classification_distillation_extract_calls_100_epochs_best_model.pth...
[2025-06-18 06:42:57,990][__main__][INFO] - Epoch 20 [Train] Avg Loss: 0.6656, Avg Acc: 81.5880
[2025-06-18 06:43:57,483][__main__][INFO] - Epoch 20 [Val] Avg Loss: 0.6594, Avg Acc: 83.0247
[2025-06-18 06:43:57,484][__main__][INFO] - Epoch 20 - Filter params: Breakpoint=3638.57Hz, Transition Width=89.92
[2025-06-18 06:48:00,392][__main__][INFO] - Epoch 21 [Train] Avg Loss: 0.6616, Avg Acc: 82.3793
[2025-06-18 06:49:00,391][__main__][INFO] - Epoch 21 [Val] Avg Loss: 0.6554, Avg Acc: 82.9012
[2025-06-18 06:49:00,392][__main__][INFO] - Epoch 21 - Filter params: Breakpoint=3621.41Hz, Transition Width=89.43
[2025-06-18 06:52:59,741][__main__][INFO] - Epoch 22 [Train] Avg Loss: 0.6586, Avg Acc: 82.5772
[2025-06-18 06:53:59,245][__main__][INFO] - Epoch 22 [Val] Avg Loss: 0.6509, Avg Acc: 83.5185
[2025-06-18 06:53:59,246][__main__][INFO] - Epoch 22 - Filter params: Breakpoint=3604.36Hz, Transition Width=88.92
[2025-06-18 06:53:59,247][__main__][INFO] - New best validation loss: 0.6509, Acc: 83.5185
[2025-06-18 06:53:59,247][__main__][INFO] - Saving best model to /app/logs/bird_classification_distillation_extract_calls_100_epochs/2025-06-18_05-04-19/bird_classification_distillation_extract_calls_100_epochs_best_model.pth...
[2025-06-18 06:58:09,965][__main__][INFO] - Epoch 23 [Train] Avg Loss: 0.6557, Avg Acc: 82.6563
[2025-06-18 06:59:09,388][__main__][INFO] - Epoch 23 [Val] Avg Loss: 0.6536, Avg Acc: 83.2099
[2025-06-18 06:59:09,389][__main__][INFO] - Epoch 23 - Filter params: Breakpoint=3587.37Hz, Transition Width=88.43
[2025-06-18 07:03:10,650][__main__][INFO] - Epoch 24 [Train] Avg Loss: 0.6576, Avg Acc: 82.3793
[2025-06-18 07:04:10,233][__main__][INFO] - Epoch 24 [Val] Avg Loss: 0.6491, Avg Acc: 82.8395
[2025-06-18 07:04:10,235][__main__][INFO] - Epoch 24 - Filter params: Breakpoint=3570.43Hz, Transition Width=87.96
[2025-06-18 07:04:10,235][__main__][INFO] - New best validation loss: 0.6491, Acc: 82.8395
[2025-06-18 07:04:10,235][__main__][INFO] - Saving best model to /app/logs/bird_classification_distillation_extract_calls_100_epochs/2025-06-18_05-04-19/bird_classification_distillation_extract_calls_100_epochs_best_model.pth...
[2025-06-18 07:08:06,479][__main__][INFO] - Epoch 25 [Train] Avg Loss: 0.6516, Avg Acc: 82.9069
[2025-06-18 07:09:06,049][__main__][INFO] - Epoch 25 [Val] Avg Loss: 0.6612, Avg Acc: 82.5309
[2025-06-18 07:09:06,049][__main__][INFO] - Epoch 25 - Filter params: Breakpoint=3553.61Hz, Transition Width=87.48
[2025-06-18 07:13:06,196][__main__][INFO] - Epoch 26 [Train] Avg Loss: 0.6485, Avg Acc: 83.4608
[2025-06-18 07:14:07,291][__main__][INFO] - Epoch 26 [Val] Avg Loss: 0.6654, Avg Acc: 82.4074
[2025-06-18 07:14:07,292][__main__][INFO] - Epoch 26 - Filter params: Breakpoint=3536.82Hz, Transition Width=87.03
[2025-06-18 07:18:04,251][__main__][INFO] - Epoch 27 [Train] Avg Loss: 0.6498, Avg Acc: 83.0388
[2025-06-18 07:19:03,705][__main__][INFO] - Epoch 27 [Val] Avg Loss: 0.6474, Avg Acc: 83.9506
[2025-06-18 07:19:03,705][__main__][INFO] - Epoch 27 - Filter params: Breakpoint=3520.11Hz, Transition Width=86.59
[2025-06-18 07:19:03,705][__main__][INFO] - New best validation loss: 0.6474, Acc: 83.9506
[2025-06-18 07:19:03,706][__main__][INFO] - Saving best model to /app/logs/bird_classification_distillation_extract_calls_100_epochs/2025-06-18_05-04-19/bird_classification_distillation_extract_calls_100_epochs_best_model.pth...
[2025-06-18 07:23:05,961][__main__][INFO] - Epoch 28 [Train] Avg Loss: 0.6436, Avg Acc: 83.3949
[2025-06-18 07:24:06,446][__main__][INFO] - Epoch 28 [Val] Avg Loss: 0.6386, Avg Acc: 84.3827
[2025-06-18 07:24:06,446][__main__][INFO] - Epoch 28 - Filter params: Breakpoint=3503.48Hz, Transition Width=86.14
[2025-06-18 07:24:06,446][__main__][INFO] - New best validation loss: 0.6386, Acc: 84.3827
[2025-06-18 07:24:06,446][__main__][INFO] - Saving best model to /app/logs/bird_classification_distillation_extract_calls_100_epochs/2025-06-18_05-04-19/bird_classification_distillation_extract_calls_100_epochs_best_model.pth...
[2025-06-18 07:28:09,993][__main__][INFO] - Epoch 29 [Train] Avg Loss: 0.6452, Avg Acc: 83.4740
[2025-06-18 07:29:10,161][__main__][INFO] - Epoch 29 [Val] Avg Loss: 0.6630, Avg Acc: 82.0370
[2025-06-18 07:29:10,162][__main__][INFO] - Epoch 29 - Filter params: Breakpoint=3486.96Hz, Transition Width=85.69
[2025-06-18 07:33:13,938][__main__][INFO] - Epoch 30 [Train] Avg Loss: 0.6341, Avg Acc: 84.2390
[2025-06-18 07:34:13,446][__main__][INFO] - Epoch 30 [Val] Avg Loss: 0.6380, Avg Acc: 84.1975
[2025-06-18 07:34:13,447][__main__][INFO] - Epoch 30 - Filter params: Breakpoint=3470.51Hz, Transition Width=85.23
[2025-06-18 07:34:13,447][__main__][INFO] - New best validation loss: 0.6380, Acc: 84.1975
[2025-06-18 07:34:13,447][__main__][INFO] - Saving best model to /app/logs/bird_classification_distillation_extract_calls_100_epochs/2025-06-18_05-04-19/bird_classification_distillation_extract_calls_100_epochs_best_model.pth...
[2025-06-18 07:38:11,711][__main__][INFO] - Epoch 31 [Train] Avg Loss: 0.6360, Avg Acc: 84.0148
[2025-06-18 07:39:10,905][__main__][INFO] - Epoch 31 [Val] Avg Loss: 0.6463, Avg Acc: 83.1481
[2025-06-18 07:39:10,905][__main__][INFO] - Epoch 31 - Filter params: Breakpoint=3454.14Hz, Transition Width=84.80
[2025-06-18 07:43:10,431][__main__][INFO] - Epoch 32 [Train] Avg Loss: 0.6335, Avg Acc: 84.3973
[2025-06-18 07:44:09,936][__main__][INFO] - Epoch 32 [Val] Avg Loss: 0.6555, Avg Acc: 82.8395
[2025-06-18 07:44:09,937][__main__][INFO] - Epoch 32 - Filter params: Breakpoint=3437.84Hz, Transition Width=84.35
[2025-06-18 07:48:07,974][__main__][INFO] - Epoch 33 [Train] Avg Loss: 0.6303, Avg Acc: 84.4896
[2025-06-18 07:49:07,856][__main__][INFO] - Epoch 33 [Val] Avg Loss: 0.6331, Avg Acc: 84.5679
[2025-06-18 07:49:07,857][__main__][INFO] - Epoch 33 - Filter params: Breakpoint=3421.61Hz, Transition Width=83.93
[2025-06-18 07:49:07,857][__main__][INFO] - New best validation loss: 0.6331, Acc: 84.5679
[2025-06-18 07:49:07,858][__main__][INFO] - Saving best model to /app/logs/bird_classification_distillation_extract_calls_100_epochs/2025-06-18_05-04-19/bird_classification_distillation_extract_calls_100_epochs_best_model.pth...
[2025-06-18 07:53:13,875][__main__][INFO] - Epoch 34 [Train] Avg Loss: 0.6344, Avg Acc: 84.5028
[2025-06-18 07:54:14,204][__main__][INFO] - Epoch 34 [Val] Avg Loss: 0.6292, Avg Acc: 84.7531
[2025-06-18 07:54:14,204][__main__][INFO] - Epoch 34 - Filter params: Breakpoint=3405.49Hz, Transition Width=83.50
[2025-06-18 07:54:14,204][__main__][INFO] - New best validation loss: 0.6292, Acc: 84.7531
[2025-06-18 07:54:14,204][__main__][INFO] - Saving best model to /app/logs/bird_classification_distillation_extract_calls_100_epochs/2025-06-18_05-04-19/bird_classification_distillation_extract_calls_100_epochs_best_model.pth...
[2025-06-18 07:58:15,720][__main__][INFO] - Epoch 35 [Train] Avg Loss: 0.6359, Avg Acc: 84.2654
[2025-06-18 07:59:15,127][__main__][INFO] - Epoch 35 [Val] Avg Loss: 0.6362, Avg Acc: 84.6914
[2025-06-18 07:59:15,128][__main__][INFO] - Epoch 35 - Filter params: Breakpoint=3389.48Hz, Transition Width=83.05
[2025-06-18 08:03:14,132][__main__][INFO] - Epoch 36 [Train] Avg Loss: 0.6293, Avg Acc: 84.6742
[2025-06-18 08:04:14,246][__main__][INFO] - Epoch 36 [Val] Avg Loss: 0.6224, Avg Acc: 85.3086
[2025-06-18 08:04:14,246][__main__][INFO] - Epoch 36 - Filter params: Breakpoint=3373.47Hz, Transition Width=82.64
[2025-06-18 08:04:14,246][__main__][INFO] - New best validation loss: 0.6224, Acc: 85.3086
[2025-06-18 08:04:14,246][__main__][INFO] - Saving best model to /app/logs/bird_classification_distillation_extract_calls_100_epochs/2025-06-18_05-04-19/bird_classification_distillation_extract_calls_100_epochs_best_model.pth...
[2025-06-18 08:08:14,379][__main__][INFO] - Epoch 37 [Train] Avg Loss: 0.6245, Avg Acc: 85.2809
[2025-06-18 08:09:15,688][__main__][INFO] - Epoch 37 [Val] Avg Loss: 0.6245, Avg Acc: 85.5556
[2025-06-18 08:09:15,688][__main__][INFO] - Epoch 37 - Filter params: Breakpoint=3357.56Hz, Transition Width=82.19
[2025-06-18 08:13:17,132][__main__][INFO] - Epoch 38 [Train] Avg Loss: 0.6285, Avg Acc: 84.7534
[2025-06-18 08:14:18,218][__main__][INFO] - Epoch 38 [Val] Avg Loss: 0.6285, Avg Acc: 85.3704
[2025-06-18 08:14:18,218][__main__][INFO] - Epoch 38 - Filter params: Breakpoint=3341.74Hz, Transition Width=81.75
[2025-06-18 08:18:25,292][__main__][INFO] - Epoch 39 [Train] Avg Loss: 0.6252, Avg Acc: 84.9644
[2025-06-18 08:19:25,615][__main__][INFO] - Epoch 39 [Val] Avg Loss: 0.6333, Avg Acc: 84.5062
[2025-06-18 08:19:25,616][__main__][INFO] - Epoch 39 - Filter params: Breakpoint=3325.96Hz, Transition Width=81.33
[2025-06-18 08:23:30,591][__main__][INFO] - Epoch 40 [Train] Avg Loss: 0.6226, Avg Acc: 85.1358
[2025-06-18 08:24:31,744][__main__][INFO] - Epoch 40 [Val] Avg Loss: 0.6243, Avg Acc: 84.8148
[2025-06-18 08:24:31,745][__main__][INFO] - Epoch 40 - Filter params: Breakpoint=3310.30Hz, Transition Width=80.87
[2025-06-18 08:29:20,657][__main__][INFO] - Epoch 41 [Train] Avg Loss: 0.6194, Avg Acc: 85.5447
[2025-06-18 08:30:20,502][__main__][INFO] - Epoch 41 [Val] Avg Loss: 0.6218, Avg Acc: 85.0617
[2025-06-18 08:30:20,503][__main__][INFO] - Epoch 41 - Filter params: Breakpoint=3294.63Hz, Transition Width=80.49
[2025-06-18 08:30:20,503][__main__][INFO] - New best validation loss: 0.6218, Acc: 85.0617
[2025-06-18 08:30:20,503][__main__][INFO] - Saving best model to /app/logs/bird_classification_distillation_extract_calls_100_epochs/2025-06-18_05-04-19/bird_classification_distillation_extract_calls_100_epochs_best_model.pth...
[2025-06-18 08:34:18,667][__main__][INFO] - Epoch 42 [Train] Avg Loss: 0.6188, Avg Acc: 85.5579
[2025-06-18 08:35:19,084][__main__][INFO] - Epoch 42 [Val] Avg Loss: 0.6294, Avg Acc: 84.9383
[2025-06-18 08:35:19,085][__main__][INFO] - Epoch 42 - Filter params: Breakpoint=3279.01Hz, Transition Width=80.11
[2025-06-18 08:39:31,638][__main__][INFO] - Epoch 43 [Train] Avg Loss: 0.6167, Avg Acc: 85.6107
