[2025-05-20 09:10:45,441][__main__][INFO] - Experiment: 4birds_CF_combined_log_linear_gru64_30epochs
[2025-05-20 09:10:45,480][__main__][INFO] - Using device: cuda
[2025-05-20 09:10:45,480][__main__][INFO] - Checking for datasets...
[2025-05-20 09:10:45,480][__main__][INFO] - ESC-50 dataset not found or empty. Downloading...
[2025-05-20 09:10:45,480][__main__][INFO] - Creating initial bird sound datasets (train/val/test)...
[2025-05-20 09:10:45,480][__main__][INFO] - Using dataset split parameters: val=0.15, test=0.15, seed=42
[2025-05-20 09:10:45,512][__main__][INFO] - Initial bird samples: Train=2970, Val=635, Test=635
[2025-05-20 09:10:45,512][__main__][INFO] - Calculating target number of 'no birds' samples...
[2025-05-20 09:10:45,512][__main__][INFO] - Number of bird classes: 4. 'No Birds' label index: 4
[2025-05-20 09:10:45,512][__main__][INFO] - Average samples per bird class in training set: 742.50
[2025-05-20 09:10:45,512][__main__][INFO] - Target 'no birds' samples for training: 742
[2025-05-20 09:10:45,512][__main__][INFO] - Target 'no birds' samples for validation: 159
[2025-05-20 09:10:45,512][__main__][INFO] - Target 'no birds' samples for testing: 159
[2025-05-20 09:10:45,527][__main__][INFO] - Combining bird and 'no birds' datasets...
[2025-05-20 09:10:45,527][__main__][INFO] - Final training samples: 3712
[2025-05-20 09:10:45,527][__main__][INFO] - Final validation samples: 794
[2025-05-20 09:10:45,527][__main__][INFO] - Final testing samples: 794
[2025-05-20 09:10:46,414][__main__][INFO] - Model architecture:
[2025-05-20 09:10:46,416][__main__][INFO] - Improved_Phi_GRU_ATT(
  (combined_log_linear_spec): DifferentiableSpectrogram()
  (amplitude_to_db): AmplitudeToDB()
  (phi): MatchboxNetSkip(
    (initial_conv_module): Sequential(
      (0): PhiNetCausalConvBlock(
        (_layers): ModuleList(
          (0): CausalConv1d(
            (pad): ConstantPad1d(padding=(0, 0), value=0)
            (conv): Conv1d(64, 64, kernel_size=(1,), stride=(1,), bias=False)
          )
          (1): BatchNorm1d(64, eps=0.001, momentum=0.999, affine=True, track_running_stats=True)
          (2): Hardswish()
          (3): Dropout1d(p=0.05, inplace=False)
          (4): DepthwiseCausalConv(
            (pad): ConstantPad1d(padding=(4, 0), value=0)
            (conv): Conv1d(64, 64, kernel_size=(5,), stride=(1,), groups=64, bias=False)
          )
          (5): BatchNorm1d(64, eps=0.001, momentum=0.999, affine=True, track_running_stats=True)
          (6): Hardswish()
          (7): SEBlock(
            (se_conv): CausalConv1d(
              (pad): ConstantPad1d(padding=(0, 0), value=0)
              (conv): Conv1d(64, 10, kernel_size=(1,), stride=(1,), bias=False)
            )
            (se_conv2): CausalConv1d(
              (pad): ConstantPad1d(padding=(0, 0), value=0)
              (conv): Conv1d(10, 64, kernel_size=(1,), stride=(1,), bias=False)
            )
            (activation): Hardswish()
            (mult): FloatFunctional(
              (activation_post_process): Identity()
            )
          )
          (8): CausalConv1d(
            (pad): ConstantPad1d(padding=(0, 0), value=0)
            (conv): Conv1d(64, 32, kernel_size=(1,), stride=(1,), bias=False)
          )
          (9): BatchNorm1d(32, eps=0.001, momentum=0.999, affine=True, track_running_stats=True)
        )
      )
      (1): BatchNorm1d(32, eps=1e-05, momentum=0.1, affine=True, track_running_stats=True)
      (2): ReLU()
      (3): Dropout(p=0.3, inplace=False)
    )
    (blocks_modulelist): ModuleList(
      (0): ModuleList(
        (0): Sequential(
          (0): PhiNetCausalConvBlock(
            (_layers): ModuleList(
              (0): CausalConv1d(
                (pad): ConstantPad1d(padding=(0, 0), value=0)
                (conv): Conv1d(32, 32, kernel_size=(1,), stride=(1,), bias=False)
              )
              (1): BatchNorm1d(32, eps=0.001, momentum=0.999, affine=True, track_running_stats=True)
              (2): Hardswish()
              (3): Dropout1d(p=0.05, inplace=False)
              (4): DepthwiseCausalConv(
                (pad): ConstantPad1d(padding=(2, 0), value=0)
                (conv): Conv1d(32, 32, kernel_size=(3,), stride=(1,), groups=32, bias=False)
              )
              (5): BatchNorm1d(32, eps=0.001, momentum=0.999, affine=True, track_running_stats=True)
              (6): Hardswish()
              (7): SEBlock(
                (se_conv): CausalConv1d(
                  (pad): ConstantPad1d(padding=(0, 0), value=0)
                  (conv): Conv1d(32, 5, kernel_size=(1,), stride=(1,), bias=False)
                )
                (se_conv2): CausalConv1d(
                  (pad): ConstantPad1d(padding=(0, 0), value=0)
                  (conv): Conv1d(5, 32, kernel_size=(1,), stride=(1,), bias=False)
                )
                (activation): Hardswish()
                (mult): FloatFunctional(
                  (activation_post_process): Identity()
                )
              )
              (8): CausalConv1d(
                (pad): ConstantPad1d(padding=(0, 0), value=0)
                (conv): Conv1d(32, 32, kernel_size=(1,), stride=(1,), bias=False)
              )
              (9): BatchNorm1d(32, eps=0.001, momentum=0.999, affine=True, track_running_stats=True)
            )
            (op): FloatFunctional(
              (activation_post_process): Identity()
            )
          )
          (1): BatchNorm1d(32, eps=1e-05, momentum=0.1, affine=True, track_running_stats=True)
          (2): ReLU()
          (3): Dropout(p=0.3, inplace=False)
        )
        (1): Sequential(
          (0): PhiNetCausalConvBlock(
            (_layers): ModuleList(
              (0): CausalConv1d(
                (pad): ConstantPad1d(padding=(0, 0), value=0)
                (conv): Conv1d(32, 32, kernel_size=(1,), stride=(1,), bias=False)
              )
              (1): BatchNorm1d(32, eps=0.001, momentum=0.999, affine=True, track_running_stats=True)
              (2): Hardswish()
              (3): Dropout1d(p=0.05, inplace=False)
              (4): DepthwiseCausalConv(
                (pad): ConstantPad1d(padding=(4, 0), value=0)
                (conv): Conv1d(32, 32, kernel_size=(3,), stride=(1,), dilation=(2,), groups=32, bias=False)
              )
              (5): BatchNorm1d(32, eps=0.001, momentum=0.999, affine=True, track_running_stats=True)
              (6): Hardswish()
              (7): SEBlock(
                (se_conv): CausalConv1d(
                  (pad): ConstantPad1d(padding=(0, 0), value=0)
                  (conv): Conv1d(32, 5, kernel_size=(1,), stride=(1,), bias=False)
                )
                (se_conv2): CausalConv1d(
                  (pad): ConstantPad1d(padding=(0, 0), value=0)
                  (conv): Conv1d(5, 32, kernel_size=(1,), stride=(1,), bias=False)
                )
                (activation): Hardswish()
                (mult): FloatFunctional(
                  (activation_post_process): Identity()
                )
              )
              (8): CausalConv1d(
                (pad): ConstantPad1d(padding=(0, 0), value=0)
                (conv): Conv1d(32, 32, kernel_size=(1,), stride=(1,), bias=False)
              )
              (9): BatchNorm1d(32, eps=0.001, momentum=0.999, affine=True, track_running_stats=True)
            )
            (op): FloatFunctional(
              (activation_post_process): Identity()
            )
          )
          (1): BatchNorm1d(32, eps=1e-05, momentum=0.1, affine=True, track_running_stats=True)
          (2): ReLU()
          (3): Dropout(p=0.3, inplace=False)
        )
      )
      (1): ModuleList(
        (0): Sequential(
          (0): PhiNetCausalConvBlock(
            (_layers): ModuleList(
              (0): CausalConv1d(
                (pad): ConstantPad1d(padding=(0, 0), value=0)
                (conv): Conv1d(32, 32, kernel_size=(1,), stride=(1,), bias=False)
              )
              (1): BatchNorm1d(32, eps=0.001, momentum=0.999, affine=True, track_running_stats=True)
              (2): Hardswish()
              (3): Dropout1d(p=0.05, inplace=False)
              (4): DepthwiseCausalConv(
                (pad): ConstantPad1d(padding=(8, 0), value=0)
                (conv): Conv1d(32, 32, kernel_size=(3,), stride=(1,), dilation=(4,), groups=32, bias=False)
              )
              (5): BatchNorm1d(32, eps=0.001, momentum=0.999, affine=True, track_running_stats=True)
              (6): Hardswish()
              (7): SEBlock(
                (se_conv): CausalConv1d(
                  (pad): ConstantPad1d(padding=(0, 0), value=0)
                  (conv): Conv1d(32, 5, kernel_size=(1,), stride=(1,), bias=False)
                )
                (se_conv2): CausalConv1d(
                  (pad): ConstantPad1d(padding=(0, 0), value=0)
                  (conv): Conv1d(5, 32, kernel_size=(1,), stride=(1,), bias=False)
                )
                (activation): Hardswish()
                (mult): FloatFunctional(
                  (activation_post_process): Identity()
                )
              )
              (8): CausalConv1d(
                (pad): ConstantPad1d(padding=(0, 0), value=0)
                (conv): Conv1d(32, 32, kernel_size=(1,), stride=(1,), bias=False)
              )
              (9): BatchNorm1d(32, eps=0.001, momentum=0.999, affine=True, track_running_stats=True)
            )
            (op): FloatFunctional(
              (activation_post_process): Identity()
            )
          )
          (1): BatchNorm1d(32, eps=1e-05, momentum=0.1, affine=True, track_running_stats=True)
          (2): ReLU()
          (3): Dropout(p=0.3, inplace=False)
        )
        (1): Sequential(
          (0): PhiNetCausalConvBlock(
            (_layers): ModuleList(
              (0): CausalConv1d(
                (pad): ConstantPad1d(padding=(0, 0), value=0)
                (conv): Conv1d(32, 32, kernel_size=(1,), stride=(1,), bias=False)
              )
              (1): BatchNorm1d(32, eps=0.001, momentum=0.999, affine=True, track_running_stats=True)
              (2): Hardswish()
              (3): Dropout1d(p=0.05, inplace=False)
              (4): DepthwiseCausalConv(
                (pad): ConstantPad1d(padding=(4, 0), value=0)
                (conv): Conv1d(32, 32, kernel_size=(3,), stride=(1,), dilation=(2,), groups=32, bias=False)
              )
              (5): BatchNorm1d(32, eps=0.001, momentum=0.999, affine=True, track_running_stats=True)
              (6): Hardswish()
              (7): SEBlock(
                (se_conv): CausalConv1d(
                  (pad): ConstantPad1d(padding=(0, 0), value=0)
                  (conv): Conv1d(32, 5, kernel_size=(1,), stride=(1,), bias=False)
                )
                (se_conv2): CausalConv1d(
                  (pad): ConstantPad1d(padding=(0, 0), value=0)
                  (conv): Conv1d(5, 32, kernel_size=(1,), stride=(1,), bias=False)
                )
                (activation): Hardswish()
                (mult): FloatFunctional(
                  (activation_post_process): Identity()
                )
              )
              (8): CausalConv1d(
                (pad): ConstantPad1d(padding=(0, 0), value=0)
                (conv): Conv1d(32, 32, kernel_size=(1,), stride=(1,), bias=False)
              )
              (9): BatchNorm1d(32, eps=0.001, momentum=0.999, affine=True, track_running_stats=True)
            )
            (op): FloatFunctional(
              (activation_post_process): Identity()
            )
          )
          (1): BatchNorm1d(32, eps=1e-05, momentum=0.1, affine=True, track_running_stats=True)
          (2): ReLU()
          (3): Dropout(p=0.3, inplace=False)
        )
      )
      (2): ModuleList(
        (0-1): 2 x Sequential(
          (0): PhiNetCausalConvBlock(
            (_layers): ModuleList(
              (0): CausalConv1d(
                (pad): ConstantPad1d(padding=(0, 0), value=0)
                (conv): Conv1d(32, 32, kernel_size=(1,), stride=(1,), bias=False)
              )
              (1): BatchNorm1d(32, eps=0.001, momentum=0.999, affine=True, track_running_stats=True)
              (2): Hardswish()
              (3): Dropout1d(p=0.05, inplace=False)
              (4): DepthwiseCausalConv(
                (pad): ConstantPad1d(padding=(2, 0), value=0)
                (conv): Conv1d(32, 32, kernel_size=(3,), stride=(1,), groups=32, bias=False)
              )
              (5): BatchNorm1d(32, eps=0.001, momentum=0.999, affine=True, track_running_stats=True)
              (6): Hardswish()
              (7): SEBlock(
                (se_conv): CausalConv1d(
                  (pad): ConstantPad1d(padding=(0, 0), value=0)
                  (conv): Conv1d(32, 5, kernel_size=(1,), stride=(1,), bias=False)
                )
                (se_conv2): CausalConv1d(
                  (pad): ConstantPad1d(padding=(0, 0), value=0)
                  (conv): Conv1d(5, 32, kernel_size=(1,), stride=(1,), bias=False)
                )
                (activation): Hardswish()
                (mult): FloatFunctional(
                  (activation_post_process): Identity()
                )
              )
              (8): CausalConv1d(
                (pad): ConstantPad1d(padding=(0, 0), value=0)
                (conv): Conv1d(32, 32, kernel_size=(1,), stride=(1,), bias=False)
              )
              (9): BatchNorm1d(32, eps=0.001, momentum=0.999, affine=True, track_running_stats=True)
            )
            (op): FloatFunctional(
              (activation_post_process): Identity()
            )
          )
          (1): BatchNorm1d(32, eps=1e-05, momentum=0.1, affine=True, track_running_stats=True)
          (2): ReLU()
          (3): Dropout(p=0.3, inplace=False)
        )
      )
    )
    (projections_modulelist): ModuleList(
      (0-2): 3 x Identity()
    )
    (final_block_to_conv1_projection): Identity()
    (final_conv1_module): Sequential(
      (0): PhiNetCausalConvBlock(
        (_layers): ModuleList(
          (0): CausalConv1d(
            (pad): ConstantPad1d(padding=(0, 0), value=0)
            (conv): Conv1d(32, 32, kernel_size=(1,), stride=(1,), bias=False)
          )
          (1): BatchNorm1d(32, eps=0.001, momentum=0.999, affine=True, track_running_stats=True)
          (2): Hardswish()
          (3): Dropout1d(p=0.05, inplace=False)
          (4): DepthwiseCausalConv(
            (pad): ConstantPad1d(padding=(8, 0), value=0)
            (conv): Conv1d(32, 32, kernel_size=(5,), stride=(1,), dilation=(2,), groups=32, bias=False)
          )
          (5): BatchNorm1d(32, eps=0.001, momentum=0.999, affine=True, track_running_stats=True)
          (6): Hardswish()
          (7): SEBlock(
            (se_conv): CausalConv1d(
              (pad): ConstantPad1d(padding=(0, 0), value=0)
              (conv): Conv1d(32, 5, kernel_size=(1,), stride=(1,), bias=False)
            )
            (se_conv2): CausalConv1d(
              (pad): ConstantPad1d(padding=(0, 0), value=0)
              (conv): Conv1d(5, 32, kernel_size=(1,), stride=(1,), bias=False)
            )
            (activation): Hardswish()
            (mult): FloatFunctional(
              (activation_post_process): Identity()
            )
          )
          (8): CausalConv1d(
            (pad): ConstantPad1d(padding=(0, 0), value=0)
            (conv): Conv1d(32, 32, kernel_size=(1,), stride=(1,), bias=False)
          )
          (9): BatchNorm1d(32, eps=0.001, momentum=0.999, affine=True, track_running_stats=True)
        )
      )
      (1): BatchNorm1d(32, eps=1e-05, momentum=0.1, affine=True, track_running_stats=True)
      (2): ReLU()
      (3): Dropout(p=0.3, inplace=False)
    )
    (conv1_to_conv2_projection): Identity()
    (final_conv2_module): Sequential(
      (0): PhiNetCausalConvBlock(
        (_layers): ModuleList(
          (0): CausalConv1d(
            (pad): ConstantPad1d(padding=(0, 0), value=0)
            (conv): Conv1d(32, 32, kernel_size=(1,), stride=(1,), bias=False)
          )
          (1): BatchNorm1d(32, eps=0.001, momentum=0.999, affine=True, track_running_stats=True)
          (2): Hardswish()
          (3): Dropout1d(p=0.05, inplace=False)
          (4): DepthwiseCausalConv(
            (pad): ConstantPad1d(padding=(0, 0), value=0)
            (conv): Conv1d(32, 32, kernel_size=(1,), stride=(1,), groups=32, bias=False)
          )
          (5): BatchNorm1d(32, eps=0.001, momentum=0.999, affine=True, track_running_stats=True)
          (6): Hardswish()
          (7): SEBlock(
            (se_conv): CausalConv1d(
              (pad): ConstantPad1d(padding=(0, 0), value=0)
              (conv): Conv1d(32, 5, kernel_size=(1,), stride=(1,), bias=False)
            )
            (se_conv2): CausalConv1d(
              (pad): ConstantPad1d(padding=(0, 0), value=0)
              (conv): Conv1d(5, 32, kernel_size=(1,), stride=(1,), bias=False)
            )
            (activation): Hardswish()
            (mult): FloatFunctional(
              (activation_post_process): Identity()
            )
          )
          (8): CausalConv1d(
            (pad): ConstantPad1d(padding=(0, 0), value=0)
            (conv): Conv1d(32, 32, kernel_size=(1,), stride=(1,), bias=False)
          )
          (9): BatchNorm1d(32, eps=0.001, momentum=0.999, affine=True, track_running_stats=True)
        )
      )
      (1): BatchNorm1d(32, eps=1e-05, momentum=0.1, affine=True, track_running_stats=True)
      (2): ReLU()
      (3): Dropout(p=0.3, inplace=False)
    )
  )
  (gru): GRU(32, 64, batch_first=True)
  (projection): Linear(in_features=64, out_features=64, bias=True)
  (keyword_attention): AttentionLayer(
    (attention): Linear(in_features=64, out_features=1, bias=True)
  )
  (fc): Linear(in_features=64, out_features=5, bias=True)
)
[2025-05-20 09:10:46,417][__main__][INFO] - Total parameters: 53,256
[2025-05-20 09:10:46,417][__main__][INFO] - Trainable parameters: 53,256
[2025-05-20 09:10:46,417][__main__][INFO] - Computing model complexity...
[2025-05-20 09:10:46,417][__main__][INFO] - Model MACs: None
[2025-05-20 09:10:46,417][__main__][INFO] - Starting training...
[2025-05-20 09:15:04,752][__main__][INFO] - Epoch 1 - Breakpoint: 4000.00 Hz, Transition Width: 100.00
[2025-05-20 09:15:04,753][__main__][INFO] - Epoch 1/5
[2025-05-20 09:15:04,753][__main__][INFO] - Train Loss: 0.9802, Train Acc: 63.39%
[2025-05-20 09:15:04,753][__main__][INFO] - Val Loss: 0.6261, Val Acc: 77.46%
[2025-05-20 09:15:04,753][__main__][INFO] - Learning Rate: 0.001000
[2025-05-20 09:15:04,782][__main__][INFO] - Validation loss improved from 0.6271 to 0.6261
[2025-05-20 09:15:04,782][__main__][INFO] - New best model saved with val acc: 77.46%
[2025-05-20 09:19:30,730][__main__][INFO] - Epoch 2 - Breakpoint: 4000.00 Hz, Transition Width: 100.00
[2025-05-20 09:19:30,730][__main__][INFO] - Epoch 2/5
[2025-05-20 09:19:30,730][__main__][INFO] - Train Loss: 0.6222, Train Acc: 78.18%
[2025-05-20 09:19:30,731][__main__][INFO] - Val Loss: 0.5113, Val Acc: 81.99%
[2025-05-20 09:19:30,731][__main__][INFO] - Learning Rate: 0.001000
[2025-05-20 09:19:30,768][__main__][INFO] - Validation loss improved from 0.5123 to 0.5113
[2025-05-20 09:19:30,769][__main__][INFO] - New best model saved with val acc: 81.99%
[2025-05-20 09:23:48,408][__main__][INFO] - Epoch 3 - Breakpoint: 4000.00 Hz, Transition Width: 100.00
[2025-05-20 09:23:48,409][__main__][INFO] - Epoch 3/5
[2025-05-20 09:23:48,409][__main__][INFO] - Train Loss: 0.5663, Train Acc: 80.41%
[2025-05-20 09:23:48,409][__main__][INFO] - Val Loss: 0.5003, Val Acc: 82.24%
[2025-05-20 09:23:48,409][__main__][INFO] - Learning Rate: 0.001000
[2025-05-20 09:23:48,434][__main__][INFO] - Validation loss improved from 0.5013 to 0.5003
[2025-05-20 09:23:48,435][__main__][INFO] - New best model saved with val acc: 82.24%
[2025-05-20 09:28:04,742][__main__][INFO] - Epoch 4 - Breakpoint: 4000.00 Hz, Transition Width: 100.00
[2025-05-20 09:28:04,742][__main__][INFO] - Epoch 4/5
[2025-05-20 09:28:04,742][__main__][INFO] - Train Loss: 0.5185, Train Acc: 81.98%
[2025-05-20 09:28:04,742][__main__][INFO] - Val Loss: 0.4514, Val Acc: 84.51%
[2025-05-20 09:28:04,742][__main__][INFO] - Learning Rate: 0.001000
[2025-05-20 09:28:04,763][__main__][INFO] - Validation loss improved from 0.4524 to 0.4514
[2025-05-20 09:28:04,763][__main__][INFO] - New best model saved with val acc: 84.51%
[2025-05-20 09:32:35,253][__main__][INFO] - Epoch 5 - Breakpoint: 4000.00 Hz, Transition Width: 100.00
[2025-05-20 09:32:35,253][__main__][INFO] - Epoch 5/5
[2025-05-20 09:32:35,253][__main__][INFO] - Train Loss: 0.5302, Train Acc: 81.28%
[2025-05-20 09:32:35,253][__main__][INFO] - Val Loss: 0.3957, Val Acc: 85.52%
[2025-05-20 09:32:35,253][__main__][INFO] - Learning Rate: 0.001000
[2025-05-20 09:32:35,270][__main__][INFO] - Validation loss improved from 0.3967 to 0.3957
[2025-05-20 09:32:35,270][__main__][INFO] - New best model saved with val acc: 85.52%
[2025-05-20 09:32:36,017][__main__][INFO] - Training history plot saved to /raid/home/e3da/interns/lmannini/bird_classification_edge/logs/4birds_CF_combined_log_linear_gru64_30epochs/2025-05-20_09-10-45/training_history.png
[2025-05-20 09:32:36,017][__main__][INFO] - 
Evaluating on test set...
[2025-05-20 09:32:36,062][__main__][INFO] - Loaded best model based on validation loss for testing.
[2025-05-20 09:33:19,924][__main__][INFO] - Test Loss: 0.3957, Test Acc: 85.77%
[2025-05-20 09:33:19,930][__main__][INFO] - Confusion matrix CSV saved to /raid/home/e3da/interns/lmannini/bird_classification_edge/logs/4birds_CF_combined_log_linear_gru64_30epochs/2025-05-20_09-10-45/confusion_matrix.csv
[2025-05-20 09:33:20,098][__main__][INFO] - Confusion matrix PNG saved to /raid/home/e3da/interns/lmannini/bird_classification_edge/logs/4birds_CF_combined_log_linear_gru64_30epochs/2025-05-20_09-10-45/confusion_matrix.png
[2025-05-20 09:33:20,098][__main__][INFO] - Results saved to /raid/home/e3da/interns/lmannini/bird_classification_edge/logs/4birds_CF_combined_log_linear_gru64_30epochs/2025-05-20_09-10-45/results.json
[2025-05-20 09:33:20,098][__main__][INFO] - Model summary saved to /raid/home/e3da/interns/lmannini/bird_classification_edge/logs/4birds_CF_combined_log_linear_gru64_30epochs/2025-05-20_09-10-45/model_summary.txt
[2025-05-20 09:33:20,098][__main__][INFO] - Training completed! Best validation accuracy: 85.52%
[2025-05-20 09:33:20,098][__main__][INFO] - Test accuracy: 85.77%
[2025-05-20 09:33:20,098][__main__][INFO] - Output directory: /raid/home/e3da/interns/lmannini/bird_classification_edge/logs/4birds_CF_combined_log_linear_gru64_30epochs/2025-05-20_09-10-45
