2025-06-17 10:03:39,510 - [INFO] - Hydra output directory: /app/logs/bird_classification_distillation_hyperparameters_tuning/2025-06-17_10-03-39
2025-06-17 10:03:39,515 - [INFO] - Full config:
experiment_name: bird_classification_distillation_hyperparameters_tuning
distillation:
  alpha: 0.4
  temperature: 3.0
  adaptive: false
  adaptation_rate: 0.1
  alpha_schedule: constant
  confidence_threshold: 0.05
training:
  epochs: 2
  batch_size: 64
  patience: 15
  min_delta: 0.0005
  seed: 42
model:
  spectrogram_type: combined_log_linear
  hidden_dim: 64
  n_mel_bins: 64
  n_linear_filters: 64
  trainable_filterbank: true
  initial_breakpoint: 4000.0
  initial_transition_width: 100.0
  n_fft: 1024
  hop_length: 320
  matchbox:
    base_filters: 32
    num_layers: 3
    kernel_size: 3
    dropout: 0.1
optimizer:
  _target_: torch.optim.AdamW
  lr: 0.0003
  weight_decay: 0.01
scheduler:
  _target_: torch.optim.lr_scheduler.ReduceLROnPlateau
  mode: min
  factor: 0.5
  patience: 5
  min_lr: 1.0e-06
dataset:
  soft_labels_path: test_soft_labels
  main_data_dir: bird_sound_dataset
  allowed_bird_classes:
  - Bubo_bubo
  - Certhia_familiaris
  - Apus_apus
  - Certhia_brachydactyla
  - Emberiza_cia
  - Lophophanes_cristatus
  - Periparus_ater
  - Poecile_montanus
  load_pregenerated_no_birds: true
  pregenerated_no_birds_dir: augmented_dataset/no_birds
  num_no_bird_samples: 836
  augmentation:
    enabled: true
    noise_level: 0.01
    time_mask_param: 30
    freq_mask_param: 10
    time_shift_limit: 0.1
    speed_perturb_rate_min: 0.95
    speed_perturb_rate_max: 1.05
  sample_rate: 32000
  clip_duration: 3.0
  lowcut: 150.0
  highcut: 16000.0
  extract_calls: false
  esc50_dir: esc-50/ESC-50-master
  val_split: 0.15
  test_split: 0.15
  seed: 42

2025-06-17 10:03:39,515 - [INFO] - Using soft labels from: /app/test_soft_labels
2025-06-17 10:03:39,516 - [INFO] - Initialized trainer on device: cuda
2025-06-17 10:03:39,516 - [INFO] - Outputs will be saved to: /app/logs/bird_classification_distillation_hyperparameters_tuning/2025-06-17_10-03-39
2025-06-17 10:03:39,516 - [INFO] - Setting up data loaders with soft labels...
2025-06-17 10:03:39,691 - [INFO] - Train samples: 7832
2025-06-17 10:03:39,691 - [INFO] - Val samples: 2331
2025-06-17 10:03:39,691 - [INFO] - Test samples: 2331
2025-06-17 10:03:39,691 - [INFO] - Soft labels info: {'num_classes': 9, 'target_species': ['Poecile montanus', 'Certhia familiaris', 'Apus apus', 'Bubo bubo', 'Periparus ater', 'Emberiza cia', 'Lophophanes cristatus', 'Certhia brachydactyla', 'non-bird'], 'confidence_threshold': 0.05, 'total_files_with_soft_labels': 9986, 'files_processed': 9986}
2025-06-17 10:03:39,691 - [INFO] - Number of classes: 9
2025-06-17 10:03:39,691 - [INFO] - Class names: ['Poecile montanus', 'Certhia familiaris', 'Apus apus', 'Bubo bubo', 'Periparus ater', 'Emberiza cia', 'Lophophanes cristatus', 'Certhia brachydactyla', 'non-bird']
2025-06-17 10:03:39,692 - [INFO] - Setting up student model...
2025-06-17 10:03:39,816 - [INFO] - Student model parameters: 53,516
2025-06-17 10:03:39,816 - [INFO] - Setting up optimizer and scheduler...
2025-06-17 10:03:40,772 - [INFO] - Optimizer: AdamW
2025-06-17 10:03:40,772 - [INFO] - Scheduler: ReduceLROnPlateau
2025-06-17 10:03:40,773 - [INFO] - Setting up distillation loss...
2025-06-17 10:03:40,773 - [INFO] - Using Standard DistillationLoss
2025-06-17 10:03:40,773 - [INFO] - Alpha: 0.4, Temperature: 3.0
2025-06-17 10:03:40,773 - [INFO] - Starting training loop...
2025-06-17 10:07:59,112 - [INFO] - Epoch 1 [Train] Avg Loss: 1.1003, Avg Acc: 44.1011
2025-06-17 10:09:03,150 - [INFO] - Epoch 1 [Val] Avg Loss: 0.8404, Avg Acc: 68.2969
2025-06-17 10:09:03,150 - [INFO] - Epoch 1 - Filter params: Breakpoint=3994.10Hz, Transition Width=99.86
2025-06-17 10:09:03,150 - [INFO] - New best validation loss: 0.8404, Acc: 68.2969
2025-06-17 10:09:03,151 - [INFO] - Saving best model to /app/logs/bird_classification_distillation_hyperparameters_tuning/2025-06-17_10-03-39/bird_classification_distillation_hyperparameters_tuning_best_model.pth...
2025-06-17 10:13:02,413 - [INFO] - Epoch 2 [Train] Avg Loss: 0.9477, Avg Acc: 59.9208
2025-06-17 10:14:02,352 - [INFO] - Epoch 2 [Val] Avg Loss: 0.8144, Avg Acc: 70.3132
2025-06-17 10:14:02,353 - [INFO] - Epoch 2 - Filter params: Breakpoint=3988.22Hz, Transition Width=99.69
2025-06-17 10:14:02,353 - [INFO] - New best validation loss: 0.8144, Acc: 70.3132
2025-06-17 10:14:02,353 - [INFO] - Saving best model to /app/logs/bird_classification_distillation_hyperparameters_tuning/2025-06-17_10-03-39/bird_classification_distillation_hyperparameters_tuning_best_model.pth...
2025-06-17 10:14:02,378 - [INFO] - Training loop finished.
2025-06-17 10:14:05,199 - [INFO] - Saved training plots to /app/logs/bird_classification_distillation_hyperparameters_tuning/2025-06-17_10-03-39/training_history.png
2025-06-17 10:14:05,203 - [INFO] - Saved filter parameters evolution to /app/logs/bird_classification_distillation_hyperparameters_tuning/2025-06-17_10-03-39/filter_parameters_evolution.csv
2025-06-17 10:14:09,683 - [INFO] - Generated 2 advanced analysis plots
2025-06-17 10:14:09,683 - [INFO] - Starting testing...
2025-06-17 10:14:09,683 - [INFO] - Loading best model from /app/logs/bird_classification_distillation_hyperparameters_tuning/2025-06-17_10-03-39/bird_classification_distillation_hyperparameters_tuning_best_model.pth for testing...
2025-06-17 10:15:03,032 - [INFO] - Test Accuracy: 0.7040
2025-06-17 10:15:03,057 - [INFO] - Test Report:
                       precision    recall  f1-score   support

     Poecile montanus       0.50      0.72      0.59       129
   Certhia familiaris       0.56      0.81      0.67       198
            Apus apus       0.90      0.60      0.72       121
            Bubo bubo       0.45      0.66      0.54       209
       Periparus ater       0.00      0.00      0.00        60
         Emberiza cia       0.60      0.06      0.11       156
Lophophanes cristatus       0.64      0.84      0.73       435
Certhia brachydactyla       0.50      0.45      0.48       187
             non-bird       0.99      0.86      0.92       836

             accuracy                           0.70      2331
            macro avg       0.57      0.56      0.53      2331
         weighted avg       0.72      0.70      0.69      2331

2025-06-17 10:15:03,058 - [INFO] - Generating confusion matrix...
2025-06-17 10:15:03,063 - [INFO] - Confusion matrix CSV saved to /app/logs/bird_classification_distillation_hyperparameters_tuning/2025-06-17_10-03-39/confusion_matrix.csv
2025-06-17 10:15:03,502 - [INFO] - Confusion matrix PNG saved to /app/logs/bird_classification_distillation_hyperparameters_tuning/2025-06-17_10-03-39/confusion_matrix.png
2025-06-17 10:15:03,504 - [INFO] - Results saved to /app/logs/bird_classification_distillation_hyperparameters_tuning/2025-06-17_10-03-39/results.json
2025-06-17 10:15:03,506 - [INFO] - Model summary saved to /app/logs/bird_classification_distillation_hyperparameters_tuning/2025-06-17_10-03-39/model_summary.txt
2025-06-17 10:15:03,508 - [INFO] - Results saved to /app/logs/bird_classification_distillation_hyperparameters_tuning/2025-06-17_10-03-39/results.json
2025-06-17 10:15:03,508 - [INFO] - --- Distillation Training Completed ---
2025-06-17 10:15:03,508 - [INFO] - Final test accuracy: 0.7040
2025-06-17 10:15:03,508 - [INFO] - Results and plots saved to: /app/logs/bird_classification_distillation_hyperparameters_tuning/2025-06-17_10-03-39
