[2025-05-27 07:21:56,312][__main__][INFO] - Experiment: 4birds_CF_combined_log_linear_gru64_50epochs_try2
[2025-05-27 07:21:56,359][__main__][INFO] - Using device: cuda
[2025-05-27 07:21:56,360][__main__][INFO] - Checking for datasets...
[2025-05-27 07:21:56,360][__main__][INFO] - ESC-50 dataset found at: ESC-50-master
[2025-05-27 07:21:56,360][__main__][INFO] - Creating initial bird sound datasets (train/val/test)...
[2025-05-27 07:21:56,360][__main__][INFO] - Using dataset split parameters: val=0.15, test=0.15, seed=42
[2025-05-27 07:21:56,466][__main__][INFO] - Initial bird samples: Train=7870, Val=1682, Test=1682
[2025-05-27 07:21:56,466][__main__][INFO] - Calculating target number of 'no birds' samples...
[2025-05-27 07:21:56,466][__main__][INFO] - Number of bird classes: 8. 'No Birds' label index: 8
[2025-05-27 07:21:56,468][__main__][INFO] - Average samples per bird class in training set: 983.75
[2025-05-27 07:21:56,468][__main__][INFO] - Target 'no birds' samples for training: 984
[2025-05-27 07:21:56,468][__main__][INFO] - Target 'no birds' samples for validation: 210
[2025-05-27 07:21:56,468][__main__][INFO] - Target 'no birds' samples for testing: 210
[2025-05-27 07:21:56,488][__main__][INFO] - Combining bird and 'no birds' datasets...
[2025-05-27 07:21:56,489][__main__][INFO] - Final training samples: 8706
[2025-05-27 07:21:56,489][__main__][INFO] - Final validation samples: 1892
[2025-05-27 07:21:56,489][__main__][INFO] - Final testing samples: 1892
[2025-05-27 07:21:56,662][__main__][INFO] - Using specific LR for filter parameters: 3.0. Main LR for others: 0.001.
[2025-05-27 07:21:57,932][__main__][INFO] - Model architecture:
[2025-05-27 07:21:57,935][__main__][INFO] - Improved_Phi_GRU_ATT(
  (combined_log_linear_spec): DifferentiableSpectrogram()
  (amplitude_to_db): AmplitudeToDB()
  (phi): MatchboxNetSkip(
    (initial_conv_module): Sequential(
      (0): PhiNetCausalConvBlock(
        (_layers): ModuleList(
          (0): CausalConv1d(
            (pad): ConstantPad1d(padding=(0, 0), value=0)
            (conv): Conv1d(64, 64, kernel_size=(1,), stride=(1,), bias=False)
          )
          (1): BatchNorm1d(64, eps=0.001, momentum=0.999, affine=True, track_running_stats=True)
          (2): Hardswish()
          (3): Dropout1d(p=0.05, inplace=False)
          (4): DepthwiseCausalConv(
            (pad): ConstantPad1d(padding=(4, 0), value=0)
            (conv): Conv1d(64, 64, kernel_size=(5,), stride=(1,), groups=64, bias=False)
          )
          (5): BatchNorm1d(64, eps=0.001, momentum=0.999, affine=True, track_running_stats=True)
          (6): Hardswish()
          (7): SEBlock(
            (se_conv): CausalConv1d(
              (pad): ConstantPad1d(padding=(0, 0), value=0)
              (conv): Conv1d(64, 10, kernel_size=(1,), stride=(1,), bias=False)
            )
            (se_conv2): CausalConv1d(
              (pad): ConstantPad1d(padding=(0, 0), value=0)
              (conv): Conv1d(10, 64, kernel_size=(1,), stride=(1,), bias=False)
            )
            (activation): Hardswish()
            (mult): FloatFunctional(
              (activation_post_process): Identity()
            )
          )
          (8): CausalConv1d(
            (pad): ConstantPad1d(padding=(0, 0), value=0)
            (conv): Conv1d(64, 32, kernel_size=(1,), stride=(1,), bias=False)
          )
          (9): BatchNorm1d(32, eps=0.001, momentum=0.999, affine=True, track_running_stats=True)
        )
      )
      (1): BatchNorm1d(32, eps=1e-05, momentum=0.1, affine=True, track_running_stats=True)
      (2): ReLU()
      (3): Dropout(p=0.3, inplace=False)
    )
    (blocks_modulelist): ModuleList(
      (0): ModuleList(
        (0): Sequential(
          (0): PhiNetCausalConvBlock(
            (_layers): ModuleList(
              (0): CausalConv1d(
                (pad): ConstantPad1d(padding=(0, 0), value=0)
                (conv): Conv1d(32, 32, kernel_size=(1,), stride=(1,), bias=False)
              )
              (1): BatchNorm1d(32, eps=0.001, momentum=0.999, affine=True, track_running_stats=True)
              (2): Hardswish()
              (3): Dropout1d(p=0.05, inplace=False)
              (4): DepthwiseCausalConv(
                (pad): ConstantPad1d(padding=(2, 0), value=0)
                (conv): Conv1d(32, 32, kernel_size=(3,), stride=(1,), groups=32, bias=False)
              )
              (5): BatchNorm1d(32, eps=0.001, momentum=0.999, affine=True, track_running_stats=True)
              (6): Hardswish()
              (7): SEBlock(
                (se_conv): CausalConv1d(
                  (pad): ConstantPad1d(padding=(0, 0), value=0)
                  (conv): Conv1d(32, 5, kernel_size=(1,), stride=(1,), bias=False)
                )
                (se_conv2): CausalConv1d(
                  (pad): ConstantPad1d(padding=(0, 0), value=0)
                  (conv): Conv1d(5, 32, kernel_size=(1,), stride=(1,), bias=False)
                )
                (activation): Hardswish()
                (mult): FloatFunctional(
                  (activation_post_process): Identity()
                )
              )
              (8): CausalConv1d(
                (pad): ConstantPad1d(padding=(0, 0), value=0)
                (conv): Conv1d(32, 32, kernel_size=(1,), stride=(1,), bias=False)
              )
              (9): BatchNorm1d(32, eps=0.001, momentum=0.999, affine=True, track_running_stats=True)
            )
            (op): FloatFunctional(
              (activation_post_process): Identity()
            )
          )
          (1): BatchNorm1d(32, eps=1e-05, momentum=0.1, affine=True, track_running_stats=True)
          (2): ReLU()
          (3): Dropout(p=0.3, inplace=False)
        )
        (1): Sequential(
          (0): PhiNetCausalConvBlock(
            (_layers): ModuleList(
              (0): CausalConv1d(
                (pad): ConstantPad1d(padding=(0, 0), value=0)
                (conv): Conv1d(32, 32, kernel_size=(1,), stride=(1,), bias=False)
              )
              (1): BatchNorm1d(32, eps=0.001, momentum=0.999, affine=True, track_running_stats=True)
              (2): Hardswish()
              (3): Dropout1d(p=0.05, inplace=False)
              (4): DepthwiseCausalConv(
                (pad): ConstantPad1d(padding=(4, 0), value=0)
                (conv): Conv1d(32, 32, kernel_size=(3,), stride=(1,), dilation=(2,), groups=32, bias=False)
              )
              (5): BatchNorm1d(32, eps=0.001, momentum=0.999, affine=True, track_running_stats=True)
              (6): Hardswish()
              (7): SEBlock(
                (se_conv): CausalConv1d(
                  (pad): ConstantPad1d(padding=(0, 0), value=0)
                  (conv): Conv1d(32, 5, kernel_size=(1,), stride=(1,), bias=False)
                )
                (se_conv2): CausalConv1d(
                  (pad): ConstantPad1d(padding=(0, 0), value=0)
                  (conv): Conv1d(5, 32, kernel_size=(1,), stride=(1,), bias=False)
                )
                (activation): Hardswish()
                (mult): FloatFunctional(
                  (activation_post_process): Identity()
                )
              )
              (8): CausalConv1d(
                (pad): ConstantPad1d(padding=(0, 0), value=0)
                (conv): Conv1d(32, 32, kernel_size=(1,), stride=(1,), bias=False)
              )
              (9): BatchNorm1d(32, eps=0.001, momentum=0.999, affine=True, track_running_stats=True)
            )
            (op): FloatFunctional(
              (activation_post_process): Identity()
            )
          )
          (1): BatchNorm1d(32, eps=1e-05, momentum=0.1, affine=True, track_running_stats=True)
          (2): ReLU()
          (3): Dropout(p=0.3, inplace=False)
        )
      )
      (1): ModuleList(
        (0): Sequential(
          (0): PhiNetCausalConvBlock(
            (_layers): ModuleList(
              (0): CausalConv1d(
                (pad): ConstantPad1d(padding=(0, 0), value=0)
                (conv): Conv1d(32, 32, kernel_size=(1,), stride=(1,), bias=False)
              )
              (1): BatchNorm1d(32, eps=0.001, momentum=0.999, affine=True, track_running_stats=True)
              (2): Hardswish()
              (3): Dropout1d(p=0.05, inplace=False)
              (4): DepthwiseCausalConv(
                (pad): ConstantPad1d(padding=(8, 0), value=0)
                (conv): Conv1d(32, 32, kernel_size=(3,), stride=(1,), dilation=(4,), groups=32, bias=False)
              )
              (5): BatchNorm1d(32, eps=0.001, momentum=0.999, affine=True, track_running_stats=True)
              (6): Hardswish()
              (7): SEBlock(
                (se_conv): CausalConv1d(
                  (pad): ConstantPad1d(padding=(0, 0), value=0)
                  (conv): Conv1d(32, 5, kernel_size=(1,), stride=(1,), bias=False)
                )
                (se_conv2): CausalConv1d(
                  (pad): ConstantPad1d(padding=(0, 0), value=0)
                  (conv): Conv1d(5, 32, kernel_size=(1,), stride=(1,), bias=False)
                )
                (activation): Hardswish()
                (mult): FloatFunctional(
                  (activation_post_process): Identity()
                )
              )
              (8): CausalConv1d(
                (pad): ConstantPad1d(padding=(0, 0), value=0)
                (conv): Conv1d(32, 32, kernel_size=(1,), stride=(1,), bias=False)
              )
              (9): BatchNorm1d(32, eps=0.001, momentum=0.999, affine=True, track_running_stats=True)
            )
            (op): FloatFunctional(
              (activation_post_process): Identity()
            )
          )
          (1): BatchNorm1d(32, eps=1e-05, momentum=0.1, affine=True, track_running_stats=True)
          (2): ReLU()
          (3): Dropout(p=0.3, inplace=False)
        )
        (1): Sequential(
          (0): PhiNetCausalConvBlock(
            (_layers): ModuleList(
              (0): CausalConv1d(
                (pad): ConstantPad1d(padding=(0, 0), value=0)
                (conv): Conv1d(32, 32, kernel_size=(1,), stride=(1,), bias=False)
              )
              (1): BatchNorm1d(32, eps=0.001, momentum=0.999, affine=True, track_running_stats=True)
              (2): Hardswish()
              (3): Dropout1d(p=0.05, inplace=False)
              (4): DepthwiseCausalConv(
                (pad): ConstantPad1d(padding=(4, 0), value=0)
                (conv): Conv1d(32, 32, kernel_size=(3,), stride=(1,), dilation=(2,), groups=32, bias=False)
              )
              (5): BatchNorm1d(32, eps=0.001, momentum=0.999, affine=True, track_running_stats=True)
              (6): Hardswish()
              (7): SEBlock(
                (se_conv): CausalConv1d(
                  (pad): ConstantPad1d(padding=(0, 0), value=0)
                  (conv): Conv1d(32, 5, kernel_size=(1,), stride=(1,), bias=False)
                )
                (se_conv2): CausalConv1d(
                  (pad): ConstantPad1d(padding=(0, 0), value=0)
                  (conv): Conv1d(5, 32, kernel_size=(1,), stride=(1,), bias=False)
                )
                (activation): Hardswish()
                (mult): FloatFunctional(
                  (activation_post_process): Identity()
                )
              )
              (8): CausalConv1d(
                (pad): ConstantPad1d(padding=(0, 0), value=0)
                (conv): Conv1d(32, 32, kernel_size=(1,), stride=(1,), bias=False)
              )
              (9): BatchNorm1d(32, eps=0.001, momentum=0.999, affine=True, track_running_stats=True)
            )
            (op): FloatFunctional(
              (activation_post_process): Identity()
            )
          )
          (1): BatchNorm1d(32, eps=1e-05, momentum=0.1, affine=True, track_running_stats=True)
          (2): ReLU()
          (3): Dropout(p=0.3, inplace=False)
        )
      )
      (2): ModuleList(
        (0-1): 2 x Sequential(
          (0): PhiNetCausalConvBlock(
            (_layers): ModuleList(
              (0): CausalConv1d(
                (pad): ConstantPad1d(padding=(0, 0), value=0)
                (conv): Conv1d(32, 32, kernel_size=(1,), stride=(1,), bias=False)
              )
              (1): BatchNorm1d(32, eps=0.001, momentum=0.999, affine=True, track_running_stats=True)
              (2): Hardswish()
              (3): Dropout1d(p=0.05, inplace=False)
              (4): DepthwiseCausalConv(
                (pad): ConstantPad1d(padding=(2, 0), value=0)
                (conv): Conv1d(32, 32, kernel_size=(3,), stride=(1,), groups=32, bias=False)
              )
              (5): BatchNorm1d(32, eps=0.001, momentum=0.999, affine=True, track_running_stats=True)
              (6): Hardswish()
              (7): SEBlock(
                (se_conv): CausalConv1d(
                  (pad): ConstantPad1d(padding=(0, 0), value=0)
                  (conv): Conv1d(32, 5, kernel_size=(1,), stride=(1,), bias=False)
                )
                (se_conv2): CausalConv1d(
                  (pad): ConstantPad1d(padding=(0, 0), value=0)
                  (conv): Conv1d(5, 32, kernel_size=(1,), stride=(1,), bias=False)
                )
                (activation): Hardswish()
                (mult): FloatFunctional(
                  (activation_post_process): Identity()
                )
              )
              (8): CausalConv1d(
                (pad): ConstantPad1d(padding=(0, 0), value=0)
                (conv): Conv1d(32, 32, kernel_size=(1,), stride=(1,), bias=False)
              )
              (9): BatchNorm1d(32, eps=0.001, momentum=0.999, affine=True, track_running_stats=True)
            )
            (op): FloatFunctional(
              (activation_post_process): Identity()
            )
          )
          (1): BatchNorm1d(32, eps=1e-05, momentum=0.1, affine=True, track_running_stats=True)
          (2): ReLU()
          (3): Dropout(p=0.3, inplace=False)
        )
      )
    )
    (projections_modulelist): ModuleList(
      (0-2): 3 x Identity()
    )
    (final_block_to_conv1_projection): Identity()
    (final_conv1_module): Sequential(
      (0): PhiNetCausalConvBlock(
        (_layers): ModuleList(
          (0): CausalConv1d(
            (pad): ConstantPad1d(padding=(0, 0), value=0)
            (conv): Conv1d(32, 32, kernel_size=(1,), stride=(1,), bias=False)
          )
          (1): BatchNorm1d(32, eps=0.001, momentum=0.999, affine=True, track_running_stats=True)
          (2): Hardswish()
          (3): Dropout1d(p=0.05, inplace=False)
          (4): DepthwiseCausalConv(
            (pad): ConstantPad1d(padding=(8, 0), value=0)
            (conv): Conv1d(32, 32, kernel_size=(5,), stride=(1,), dilation=(2,), groups=32, bias=False)
          )
          (5): BatchNorm1d(32, eps=0.001, momentum=0.999, affine=True, track_running_stats=True)
          (6): Hardswish()
          (7): SEBlock(
            (se_conv): CausalConv1d(
              (pad): ConstantPad1d(padding=(0, 0), value=0)
              (conv): Conv1d(32, 5, kernel_size=(1,), stride=(1,), bias=False)
            )
            (se_conv2): CausalConv1d(
              (pad): ConstantPad1d(padding=(0, 0), value=0)
              (conv): Conv1d(5, 32, kernel_size=(1,), stride=(1,), bias=False)
            )
            (activation): Hardswish()
            (mult): FloatFunctional(
              (activation_post_process): Identity()
            )
          )
          (8): CausalConv1d(
            (pad): ConstantPad1d(padding=(0, 0), value=0)
            (conv): Conv1d(32, 32, kernel_size=(1,), stride=(1,), bias=False)
          )
          (9): BatchNorm1d(32, eps=0.001, momentum=0.999, affine=True, track_running_stats=True)
        )
      )
      (1): BatchNorm1d(32, eps=1e-05, momentum=0.1, affine=True, track_running_stats=True)
      (2): ReLU()
      (3): Dropout(p=0.3, inplace=False)
    )
    (conv1_to_conv2_projection): Identity()
    (final_conv2_module): Sequential(
      (0): PhiNetCausalConvBlock(
        (_layers): ModuleList(
          (0): CausalConv1d(
            (pad): ConstantPad1d(padding=(0, 0), value=0)
            (conv): Conv1d(32, 32, kernel_size=(1,), stride=(1,), bias=False)
          )
          (1): BatchNorm1d(32, eps=0.001, momentum=0.999, affine=True, track_running_stats=True)
          (2): Hardswish()
          (3): Dropout1d(p=0.05, inplace=False)
          (4): DepthwiseCausalConv(
            (pad): ConstantPad1d(padding=(0, 0), value=0)
            (conv): Conv1d(32, 32, kernel_size=(1,), stride=(1,), groups=32, bias=False)
          )
          (5): BatchNorm1d(32, eps=0.001, momentum=0.999, affine=True, track_running_stats=True)
          (6): Hardswish()
          (7): SEBlock(
            (se_conv): CausalConv1d(
              (pad): ConstantPad1d(padding=(0, 0), value=0)
              (conv): Conv1d(32, 5, kernel_size=(1,), stride=(1,), bias=False)
            )
            (se_conv2): CausalConv1d(
              (pad): ConstantPad1d(padding=(0, 0), value=0)
              (conv): Conv1d(5, 32, kernel_size=(1,), stride=(1,), bias=False)
            )
            (activation): Hardswish()
            (mult): FloatFunctional(
              (activation_post_process): Identity()
            )
          )
          (8): CausalConv1d(
            (pad): ConstantPad1d(padding=(0, 0), value=0)
            (conv): Conv1d(32, 32, kernel_size=(1,), stride=(1,), bias=False)
          )
          (9): BatchNorm1d(32, eps=0.001, momentum=0.999, affine=True, track_running_stats=True)
        )
      )
      (1): BatchNorm1d(32, eps=1e-05, momentum=0.1, affine=True, track_running_stats=True)
      (2): ReLU()
      (3): Dropout(p=0.3, inplace=False)
    )
  )
  (gru): GRU(32, 64, batch_first=True)
  (projection): Linear(in_features=64, out_features=64, bias=True)
  (keyword_attention): AttentionLayer(
    (attention): Linear(in_features=64, out_features=1, bias=True)
  )
  (fc): Linear(in_features=64, out_features=9, bias=True)
)
[2025-05-27 07:21:57,936][__main__][INFO] - Total parameters: 53,516
[2025-05-27 07:21:57,936][__main__][INFO] - Trainable parameters: 53,516
[2025-05-27 07:21:57,937][__main__][INFO] - Computing model complexity...
[2025-05-27 07:21:57,937][__main__][INFO] - Model MACs: None
[2025-05-27 07:21:57,937][__main__][INFO] - Starting training...
[2025-05-27 07:32:33,531][__main__][INFO] - Epoch 1 - Breakpoint: 3712.37 Hz, Transition Width: 133.51
[2025-05-27 07:32:33,531][__main__][INFO] - Epoch 1/1
[2025-05-27 07:32:33,531][__main__][INFO] - Train Loss: 1.4289, Train Acc: 49.30%
[2025-05-27 07:32:33,531][__main__][INFO] - Val Loss: 1.4483, Val Acc: 49.26%
[2025-05-27 07:32:33,531][__main__][INFO] - Learning Rate: 0.001000
[2025-05-27 07:32:33,561][__main__][INFO] - Validation loss improved from 1.4493 to 1.4483
[2025-05-27 07:32:33,562][__main__][INFO] - New best model saved with val acc: 49.26%
[2025-05-27 07:32:34,524][__main__][INFO] - Training history plot saved to /app/logs/4birds_CF_combined_log_linear_gru64_50epochs_try2/2025-05-27_07-21-56/training_history.png
[2025-05-27 07:32:34,524][__main__][INFO] - 
Evaluating on test set...
[2025-05-27 07:32:34,611][__main__][INFO] - Loaded best model based on validation loss for testing.
[2025-05-27 07:34:15,618][__main__][INFO] - Test Loss: 1.4896, Test Acc: 48.89%
[2025-05-27 07:34:15,627][__main__][ERROR] - Error generating confusion matrix: Shape of passed values is (8, 8), indices imply (10, 10)
[2025-05-27 07:34:15,628][__main__][INFO] - Results saved to /app/logs/4birds_CF_combined_log_linear_gru64_50epochs_try2/2025-05-27_07-21-56/results.json
[2025-05-27 07:34:15,628][__main__][INFO] - Model summary saved to /app/logs/4birds_CF_combined_log_linear_gru64_50epochs_try2/2025-05-27_07-21-56/model_summary.txt
[2025-05-27 07:34:15,628][__main__][INFO] - Training completed! Best validation accuracy: 49.26%
[2025-05-27 07:34:15,629][__main__][INFO] - Test accuracy: 48.89%
[2025-05-27 07:34:15,629][__main__][INFO] - Output directory: /app/logs/4birds_CF_combined_log_linear_gru64_50epochs_try2/2025-05-27_07-21-56
