2025-06-16 15:23:26,646 - [INFO] - Hydra output directory: /app/logs/bird_classification_distillation/2025-06-16_15-23-26
2025-06-16 15:23:26,651 - [INFO] - Full config:
experiment_name: bird_classification_distillation
distillation:
  alpha: 0.3
  temperature: 4.0
  adaptive: false
  adaptation_rate: 0.1
  alpha_schedule: constant
  confidence_threshold: 0.05
training:
  epochs: 100
  batch_size: 256
  patience: 20
  min_delta: 0.001
  seed: 42
model:
  spectrogram_type: combined_log_linear
  hidden_dim: 64
  n_mel_bins: 64
  n_linear_filters: 64
  trainable_filterbank: true
  initial_breakpoint: 4000.0
  initial_transition_width: 100.0
  n_fft: 1024
  hop_length: 320
  matchbox:
    base_filters: 32
    num_layers: 3
    kernel_size: 3
    dropout: 0.1
optimizer:
  _target_: torch.optim.AdamW
  lr: 0.0005
  weight_decay: 0.01
scheduler:
  _target_: torch.optim.lr_scheduler.ReduceLROnPlateau
  mode: min
  factor: 0.5
  patience: 5
  min_lr: 1.0e-06
dataset:
  soft_labels_path: test_soft_labels
  main_data_dir: bird_sound_dataset
  allowed_bird_classes:
  - Bubo_bubo
  - Certhia_familiaris
  - Apus_apus
  - Certhia_brachydactyla
  - Emberiza_cia
  - Lophophanes_cristatus
  - Periparus_ater
  - Poecile_montanus
  load_pregenerated_no_birds: true
  pregenerated_no_birds_dir: augmented_dataset/no_birds
  num_no_bird_samples: 836
  augmentation:
    enabled: true
    noise_level: 0.01
    time_mask_param: 30
    freq_mask_param: 10
    time_shift_limit: 0.1
    speed_perturb_rate_min: 0.95
    speed_perturb_rate_max: 1.05
  sample_rate: 32000
  clip_duration: 3.0
  lowcut: 150.0
  highcut: 16000.0
  extract_calls: false
  esc50_dir: esc-50/ESC-50-master
  val_split: 0.15
  test_split: 0.15
  seed: 42

2025-06-16 15:23:26,651 - [INFO] - Using soft labels from: /app/test_soft_labels
2025-06-16 15:23:26,652 - [INFO] - Initialized trainer on device: cuda
2025-06-16 15:23:26,652 - [INFO] - Outputs will be saved to: /app/logs/bird_classification_distillation/2025-06-16_15-23-26
2025-06-16 15:23:26,652 - [INFO] - Setting up data loaders with soft labels...
2025-06-16 15:23:26,829 - [INFO] - Train samples: 7832
2025-06-16 15:23:26,829 - [INFO] - Val samples: 2331
2025-06-16 15:23:26,829 - [INFO] - Test samples: 2331
2025-06-16 15:23:26,829 - [INFO] - Soft labels info: {'num_classes': 9, 'target_species': ['Poecile montanus', 'Certhia familiaris', 'Apus apus', 'Bubo bubo', 'Periparus ater', 'Emberiza cia', 'Lophophanes cristatus', 'Certhia brachydactyla', 'non-bird'], 'confidence_threshold': 0.05, 'total_files_with_soft_labels': 9986, 'files_processed': 9986}
2025-06-16 15:23:26,829 - [INFO] - Number of classes: 9
2025-06-16 15:23:26,829 - [INFO] - Class names: ['Poecile montanus', 'Certhia familiaris', 'Apus apus', 'Bubo bubo', 'Periparus ater', 'Emberiza cia', 'Lophophanes cristatus', 'Certhia brachydactyla', 'non-bird']
2025-06-16 15:23:26,829 - [INFO] - Setting up student model...
2025-06-16 15:23:26,974 - [INFO] - Student model parameters: 53,516
2025-06-16 15:23:26,974 - [INFO] - Setting up optimizer and scheduler...
2025-06-16 15:23:27,962 - [INFO] - Optimizer: AdamW
2025-06-16 15:23:27,962 - [INFO] - Scheduler: ReduceLROnPlateau
2025-06-16 15:23:27,962 - [INFO] - Setting up distillation loss...
2025-06-16 15:23:27,962 - [INFO] - Using Standard DistillationLoss
2025-06-16 15:23:27,962 - [INFO] - Alpha: 0.3, Temperature: 4.0
2025-06-16 15:23:27,962 - [INFO] - Starting training loop...
