[2025-05-27 14:19:07,294][__main__][INFO] - Experiment: 4birds_CF_combined_log_linear_gru64_50epochs_try2
[2025-05-27 14:19:07,348][__main__][INFO] - Using device: cuda
[2025-05-27 14:19:07,348][__main__][INFO] - Checking for datasets...
[2025-05-27 14:19:07,349][__main__][INFO] - ESC-50 dataset found at: ESC-50-master
[2025-05-27 14:19:07,349][__main__][INFO] - Creating initial bird sound datasets (train/val/test)...
[2025-05-27 14:19:07,349][__main__][INFO] - Using dataset split parameters: val=0.15, test=0.15, seed=42
[2025-05-27 14:19:07,473][__main__][INFO] - Initial bird samples: Train=6996, Val=1495, Test=1495
[2025-05-27 14:19:07,473][__main__][INFO] - Calculating target number of 'no birds' samples...
[2025-05-27 14:19:07,473][__main__][INFO] - Number of bird classes: 8. 'No Birds' label index: 8
[2025-05-27 14:19:07,476][__main__][INFO] - Average samples per bird class in training set: 874.50
[2025-05-27 14:19:07,476][__main__][INFO] - Target 'no birds' samples for training: 874
[2025-05-27 14:19:07,476][__main__][INFO] - Target 'no birds' samples for validation: 187
[2025-05-27 14:19:07,476][__main__][INFO] - Target 'no birds' samples for testing: 187
[2025-05-27 14:19:07,502][__main__][INFO] - Combining bird and 'no birds' datasets...
[2025-05-27 14:19:07,503][__main__][INFO] - Final training samples: 7832
[2025-05-27 14:19:07,503][__main__][INFO] - Final validation samples: 1682
[2025-05-27 14:19:07,503][__main__][INFO] - Final testing samples: 1682
[2025-05-27 14:19:07,721][__main__][INFO] - Using specific LR for breakpoint parameters: 3.0.
[2025-05-27 14:19:07,722][__main__][INFO] - Using specific LR for transition_width parameters: 0.1.
[2025-05-27 14:19:09,372][__main__][INFO] - Model architecture:
[2025-05-27 14:19:09,375][__main__][INFO] - Improved_Phi_GRU_ATT(
  (combined_log_linear_spec): DifferentiableSpectrogram()
  (amplitude_to_db): AmplitudeToDB()
  (phi): MatchboxNetSkip(
    (initial_conv_module): Sequential(
      (0): PhiNetCausalConvBlock(
        (_layers): ModuleList(
          (0): CausalConv1d(
            (pad): ConstantPad1d(padding=(0, 0), value=0)
            (conv): Conv1d(64, 64, kernel_size=(1,), stride=(1,), bias=False)
          )
          (1): BatchNorm1d(64, eps=0.001, momentum=0.999, affine=True, track_running_stats=True)
          (2): Hardswish()
          (3): Dropout1d(p=0.05, inplace=False)
          (4): DepthwiseCausalConv(
            (pad): ConstantPad1d(padding=(4, 0), value=0)
            (conv): Conv1d(64, 64, kernel_size=(5,), stride=(1,), groups=64, bias=False)
          )
          (5): BatchNorm1d(64, eps=0.001, momentum=0.999, affine=True, track_running_stats=True)
          (6): Hardswish()
          (7): SEBlock(
            (se_conv): CausalConv1d(
              (pad): ConstantPad1d(padding=(0, 0), value=0)
              (conv): Conv1d(64, 10, kernel_size=(1,), stride=(1,), bias=False)
            )
            (se_conv2): CausalConv1d(
              (pad): ConstantPad1d(padding=(0, 0), value=0)
              (conv): Conv1d(10, 64, kernel_size=(1,), stride=(1,), bias=False)
            )
            (activation): Hardswish()
            (mult): FloatFunctional(
              (activation_post_process): Identity()
            )
          )
          (8): CausalConv1d(
            (pad): ConstantPad1d(padding=(0, 0), value=0)
            (conv): Conv1d(64, 32, kernel_size=(1,), stride=(1,), bias=False)
          )
          (9): BatchNorm1d(32, eps=0.001, momentum=0.999, affine=True, track_running_stats=True)
        )
      )
      (1): BatchNorm1d(32, eps=1e-05, momentum=0.1, affine=True, track_running_stats=True)
      (2): ReLU()
      (3): Dropout(p=0.3, inplace=False)
    )
    (blocks_modulelist): ModuleList(
      (0): ModuleList(
        (0): Sequential(
          (0): PhiNetCausalConvBlock(
            (_layers): ModuleList(
              (0): CausalConv1d(
                (pad): ConstantPad1d(padding=(0, 0), value=0)
                (conv): Conv1d(32, 32, kernel_size=(1,), stride=(1,), bias=False)
              )
              (1): BatchNorm1d(32, eps=0.001, momentum=0.999, affine=True, track_running_stats=True)
              (2): Hardswish()
              (3): Dropout1d(p=0.05, inplace=False)
              (4): DepthwiseCausalConv(
                (pad): ConstantPad1d(padding=(2, 0), value=0)
                (conv): Conv1d(32, 32, kernel_size=(3,), stride=(1,), groups=32, bias=False)
              )
              (5): BatchNorm1d(32, eps=0.001, momentum=0.999, affine=True, track_running_stats=True)
              (6): Hardswish()
              (7): SEBlock(
                (se_conv): CausalConv1d(
                  (pad): ConstantPad1d(padding=(0, 0), value=0)
                  (conv): Conv1d(32, 5, kernel_size=(1,), stride=(1,), bias=False)
                )
                (se_conv2): CausalConv1d(
                  (pad): ConstantPad1d(padding=(0, 0), value=0)
                  (conv): Conv1d(5, 32, kernel_size=(1,), stride=(1,), bias=False)
                )
                (activation): Hardswish()
                (mult): FloatFunctional(
                  (activation_post_process): Identity()
                )
              )
              (8): CausalConv1d(
                (pad): ConstantPad1d(padding=(0, 0), value=0)
                (conv): Conv1d(32, 32, kernel_size=(1,), stride=(1,), bias=False)
              )
              (9): BatchNorm1d(32, eps=0.001, momentum=0.999, affine=True, track_running_stats=True)
            )
            (op): FloatFunctional(
              (activation_post_process): Identity()
            )
          )
          (1): BatchNorm1d(32, eps=1e-05, momentum=0.1, affine=True, track_running_stats=True)
          (2): ReLU()
          (3): Dropout(p=0.3, inplace=False)
        )
        (1): Sequential(
          (0): PhiNetCausalConvBlock(
            (_layers): ModuleList(
              (0): CausalConv1d(
                (pad): ConstantPad1d(padding=(0, 0), value=0)
                (conv): Conv1d(32, 32, kernel_size=(1,), stride=(1,), bias=False)
              )
              (1): BatchNorm1d(32, eps=0.001, momentum=0.999, affine=True, track_running_stats=True)
              (2): Hardswish()
              (3): Dropout1d(p=0.05, inplace=False)
              (4): DepthwiseCausalConv(
                (pad): ConstantPad1d(padding=(4, 0), value=0)
                (conv): Conv1d(32, 32, kernel_size=(3,), stride=(1,), dilation=(2,), groups=32, bias=False)
              )
              (5): BatchNorm1d(32, eps=0.001, momentum=0.999, affine=True, track_running_stats=True)
              (6): Hardswish()
              (7): SEBlock(
                (se_conv): CausalConv1d(
                  (pad): ConstantPad1d(padding=(0, 0), value=0)
                  (conv): Conv1d(32, 5, kernel_size=(1,), stride=(1,), bias=False)
                )
                (se_conv2): CausalConv1d(
                  (pad): ConstantPad1d(padding=(0, 0), value=0)
                  (conv): Conv1d(5, 32, kernel_size=(1,), stride=(1,), bias=False)
                )
                (activation): Hardswish()
                (mult): FloatFunctional(
                  (activation_post_process): Identity()
                )
              )
              (8): CausalConv1d(
                (pad): ConstantPad1d(padding=(0, 0), value=0)
                (conv): Conv1d(32, 32, kernel_size=(1,), stride=(1,), bias=False)
              )
              (9): BatchNorm1d(32, eps=0.001, momentum=0.999, affine=True, track_running_stats=True)
            )
            (op): FloatFunctional(
              (activation_post_process): Identity()
            )
          )
          (1): BatchNorm1d(32, eps=1e-05, momentum=0.1, affine=True, track_running_stats=True)
          (2): ReLU()
          (3): Dropout(p=0.3, inplace=False)
        )
      )
      (1): ModuleList(
        (0): Sequential(
          (0): PhiNetCausalConvBlock(
            (_layers): ModuleList(
              (0): CausalConv1d(
                (pad): ConstantPad1d(padding=(0, 0), value=0)
                (conv): Conv1d(32, 32, kernel_size=(1,), stride=(1,), bias=False)
              )
              (1): BatchNorm1d(32, eps=0.001, momentum=0.999, affine=True, track_running_stats=True)
              (2): Hardswish()
              (3): Dropout1d(p=0.05, inplace=False)
              (4): DepthwiseCausalConv(
                (pad): ConstantPad1d(padding=(8, 0), value=0)
                (conv): Conv1d(32, 32, kernel_size=(3,), stride=(1,), dilation=(4,), groups=32, bias=False)
              )
              (5): BatchNorm1d(32, eps=0.001, momentum=0.999, affine=True, track_running_stats=True)
              (6): Hardswish()
              (7): SEBlock(
                (se_conv): CausalConv1d(
                  (pad): ConstantPad1d(padding=(0, 0), value=0)
                  (conv): Conv1d(32, 5, kernel_size=(1,), stride=(1,), bias=False)
                )
                (se_conv2): CausalConv1d(
                  (pad): ConstantPad1d(padding=(0, 0), value=0)
                  (conv): Conv1d(5, 32, kernel_size=(1,), stride=(1,), bias=False)
                )
                (activation): Hardswish()
                (mult): FloatFunctional(
                  (activation_post_process): Identity()
                )
              )
              (8): CausalConv1d(
                (pad): ConstantPad1d(padding=(0, 0), value=0)
                (conv): Conv1d(32, 32, kernel_size=(1,), stride=(1,), bias=False)
              )
              (9): BatchNorm1d(32, eps=0.001, momentum=0.999, affine=True, track_running_stats=True)
            )
            (op): FloatFunctional(
              (activation_post_process): Identity()
            )
          )
          (1): BatchNorm1d(32, eps=1e-05, momentum=0.1, affine=True, track_running_stats=True)
          (2): ReLU()
          (3): Dropout(p=0.3, inplace=False)
        )
        (1): Sequential(
          (0): PhiNetCausalConvBlock(
            (_layers): ModuleList(
              (0): CausalConv1d(
                (pad): ConstantPad1d(padding=(0, 0), value=0)
                (conv): Conv1d(32, 32, kernel_size=(1,), stride=(1,), bias=False)
              )
              (1): BatchNorm1d(32, eps=0.001, momentum=0.999, affine=True, track_running_stats=True)
              (2): Hardswish()
              (3): Dropout1d(p=0.05, inplace=False)
              (4): DepthwiseCausalConv(
                (pad): ConstantPad1d(padding=(4, 0), value=0)
                (conv): Conv1d(32, 32, kernel_size=(3,), stride=(1,), dilation=(2,), groups=32, bias=False)
              )
              (5): BatchNorm1d(32, eps=0.001, momentum=0.999, affine=True, track_running_stats=True)
              (6): Hardswish()
              (7): SEBlock(
                (se_conv): CausalConv1d(
                  (pad): ConstantPad1d(padding=(0, 0), value=0)
                  (conv): Conv1d(32, 5, kernel_size=(1,), stride=(1,), bias=False)
                )
                (se_conv2): CausalConv1d(
                  (pad): ConstantPad1d(padding=(0, 0), value=0)
                  (conv): Conv1d(5, 32, kernel_size=(1,), stride=(1,), bias=False)
                )
                (activation): Hardswish()
                (mult): FloatFunctional(
                  (activation_post_process): Identity()
                )
              )
              (8): CausalConv1d(
                (pad): ConstantPad1d(padding=(0, 0), value=0)
                (conv): Conv1d(32, 32, kernel_size=(1,), stride=(1,), bias=False)
              )
              (9): BatchNorm1d(32, eps=0.001, momentum=0.999, affine=True, track_running_stats=True)
            )
            (op): FloatFunctional(
              (activation_post_process): Identity()
            )
          )
          (1): BatchNorm1d(32, eps=1e-05, momentum=0.1, affine=True, track_running_stats=True)
          (2): ReLU()
          (3): Dropout(p=0.3, inplace=False)
        )
      )
      (2): ModuleList(
        (0-1): 2 x Sequential(
          (0): PhiNetCausalConvBlock(
            (_layers): ModuleList(
              (0): CausalConv1d(
                (pad): ConstantPad1d(padding=(0, 0), value=0)
                (conv): Conv1d(32, 32, kernel_size=(1,), stride=(1,), bias=False)
              )
              (1): BatchNorm1d(32, eps=0.001, momentum=0.999, affine=True, track_running_stats=True)
              (2): Hardswish()
              (3): Dropout1d(p=0.05, inplace=False)
              (4): DepthwiseCausalConv(
                (pad): ConstantPad1d(padding=(2, 0), value=0)
                (conv): Conv1d(32, 32, kernel_size=(3,), stride=(1,), groups=32, bias=False)
              )
              (5): BatchNorm1d(32, eps=0.001, momentum=0.999, affine=True, track_running_stats=True)
              (6): Hardswish()
              (7): SEBlock(
                (se_conv): CausalConv1d(
                  (pad): ConstantPad1d(padding=(0, 0), value=0)
                  (conv): Conv1d(32, 5, kernel_size=(1,), stride=(1,), bias=False)
                )
                (se_conv2): CausalConv1d(
                  (pad): ConstantPad1d(padding=(0, 0), value=0)
                  (conv): Conv1d(5, 32, kernel_size=(1,), stride=(1,), bias=False)
                )
                (activation): Hardswish()
                (mult): FloatFunctional(
                  (activation_post_process): Identity()
                )
              )
              (8): CausalConv1d(
                (pad): ConstantPad1d(padding=(0, 0), value=0)
                (conv): Conv1d(32, 32, kernel_size=(1,), stride=(1,), bias=False)
              )
              (9): BatchNorm1d(32, eps=0.001, momentum=0.999, affine=True, track_running_stats=True)
            )
            (op): FloatFunctional(
              (activation_post_process): Identity()
            )
          )
          (1): BatchNorm1d(32, eps=1e-05, momentum=0.1, affine=True, track_running_stats=True)
          (2): ReLU()
          (3): Dropout(p=0.3, inplace=False)
        )
      )
    )
    (projections_modulelist): ModuleList(
      (0-2): 3 x Identity()
    )
    (final_block_to_conv1_projection): Identity()
    (final_conv1_module): Sequential(
      (0): PhiNetCausalConvBlock(
        (_layers): ModuleList(
          (0): CausalConv1d(
            (pad): ConstantPad1d(padding=(0, 0), value=0)
            (conv): Conv1d(32, 32, kernel_size=(1,), stride=(1,), bias=False)
          )
          (1): BatchNorm1d(32, eps=0.001, momentum=0.999, affine=True, track_running_stats=True)
          (2): Hardswish()
          (3): Dropout1d(p=0.05, inplace=False)
          (4): DepthwiseCausalConv(
            (pad): ConstantPad1d(padding=(8, 0), value=0)
            (conv): Conv1d(32, 32, kernel_size=(5,), stride=(1,), dilation=(2,), groups=32, bias=False)
          )
          (5): BatchNorm1d(32, eps=0.001, momentum=0.999, affine=True, track_running_stats=True)
          (6): Hardswish()
          (7): SEBlock(
            (se_conv): CausalConv1d(
              (pad): ConstantPad1d(padding=(0, 0), value=0)
              (conv): Conv1d(32, 5, kernel_size=(1,), stride=(1,), bias=False)
            )
            (se_conv2): CausalConv1d(
              (pad): ConstantPad1d(padding=(0, 0), value=0)
              (conv): Conv1d(5, 32, kernel_size=(1,), stride=(1,), bias=False)
            )
            (activation): Hardswish()
            (mult): FloatFunctional(
              (activation_post_process): Identity()
            )
          )
          (8): CausalConv1d(
            (pad): ConstantPad1d(padding=(0, 0), value=0)
            (conv): Conv1d(32, 32, kernel_size=(1,), stride=(1,), bias=False)
          )
          (9): BatchNorm1d(32, eps=0.001, momentum=0.999, affine=True, track_running_stats=True)
        )
      )
      (1): BatchNorm1d(32, eps=1e-05, momentum=0.1, affine=True, track_running_stats=True)
      (2): ReLU()
      (3): Dropout(p=0.3, inplace=False)
    )
    (conv1_to_conv2_projection): Identity()
    (final_conv2_module): Sequential(
      (0): PhiNetCausalConvBlock(
        (_layers): ModuleList(
          (0): CausalConv1d(
            (pad): ConstantPad1d(padding=(0, 0), value=0)
            (conv): Conv1d(32, 32, kernel_size=(1,), stride=(1,), bias=False)
          )
          (1): BatchNorm1d(32, eps=0.001, momentum=0.999, affine=True, track_running_stats=True)
          (2): Hardswish()
          (3): Dropout1d(p=0.05, inplace=False)
          (4): DepthwiseCausalConv(
            (pad): ConstantPad1d(padding=(0, 0), value=0)
            (conv): Conv1d(32, 32, kernel_size=(1,), stride=(1,), groups=32, bias=False)
          )
          (5): BatchNorm1d(32, eps=0.001, momentum=0.999, affine=True, track_running_stats=True)
          (6): Hardswish()
          (7): SEBlock(
            (se_conv): CausalConv1d(
              (pad): ConstantPad1d(padding=(0, 0), value=0)
              (conv): Conv1d(32, 5, kernel_size=(1,), stride=(1,), bias=False)
            )
            (se_conv2): CausalConv1d(
              (pad): ConstantPad1d(padding=(0, 0), value=0)
              (conv): Conv1d(5, 32, kernel_size=(1,), stride=(1,), bias=False)
            )
            (activation): Hardswish()
            (mult): FloatFunctional(
              (activation_post_process): Identity()
            )
          )
          (8): CausalConv1d(
            (pad): ConstantPad1d(padding=(0, 0), value=0)
            (conv): Conv1d(32, 32, kernel_size=(1,), stride=(1,), bias=False)
          )
          (9): BatchNorm1d(32, eps=0.001, momentum=0.999, affine=True, track_running_stats=True)
        )
      )
      (1): BatchNorm1d(32, eps=1e-05, momentum=0.1, affine=True, track_running_stats=True)
      (2): ReLU()
      (3): Dropout(p=0.3, inplace=False)
    )
  )
  (gru): GRU(32, 4, batch_first=True)
  (projection): Linear(in_features=4, out_features=4, bias=True)
  (keyword_attention): AttentionLayer(
    (attention): Linear(in_features=4, out_features=1, bias=True)
  )
  (fc): Linear(in_features=4, out_features=9, bias=True)
)
[2025-05-27 14:19:09,378][__main__][INFO] - Total parameters: 30,416
[2025-05-27 14:19:09,378][__main__][INFO] - Trainable parameters: 30,416
[2025-05-27 14:19:09,378][__main__][INFO] - Computing model complexity...
[2025-05-27 14:19:09,378][__main__][INFO] - Model MACs: None
[2025-05-27 14:19:09,378][__main__][INFO] - Starting training...
[2025-05-27 14:29:25,992][__main__][INFO] - Epoch 1 - Breakpoint: 3882.25 Hz, Transition Width: 94.15
[2025-05-27 14:29:25,993][__main__][INFO] - Epoch 1/1
[2025-05-27 14:29:25,993][__main__][INFO] - Train Loss: 2.1117, Train Acc: 23.17%
[2025-05-27 14:29:25,993][__main__][INFO] - Val Loss: 1.8564, Val Acc: 41.68%
[2025-05-27 14:29:25,993][__main__][INFO] - Val Precision (w): 0.2525, Val Recall (w): 0.4168, Val F1 (w): 0.3031
[2025-05-27 14:29:25,993][__main__][INFO] - Learning Rate: 0.001000
[2025-05-27 14:29:26,023][__main__][INFO] - Validation loss improved from 1.8574 to 1.8564
[2025-05-27 14:29:26,024][__main__][INFO] - New best model saved with val acc: 41.68%
[2025-05-27 14:29:27,529][__main__][INFO] - Training history plot saved to /app/logs/4birds_CF_combined_log_linear_gru64_50epochs_try2/2025-05-27_14-19-07/training_history.png
[2025-05-27 14:29:27,530][__main__][INFO] - 
Evaluating on test set...
[2025-05-27 14:29:27,615][__main__][INFO] - Loaded best model based on validation loss for testing.
[2025-05-27 14:31:10,639][__main__][INFO] - Test Loss: 1.8560, Test Acc: 41.80%
[2025-05-27 14:31:10,649][__main__][INFO] - Test Precision (w): 0.2476, Test Recall (w): 0.4180, Test F1 (w): 0.3001
[2025-05-27 14:31:10,649][__main__][WARNING] - 'class_labels' not defined for classification_report. Using numeric labels.
[2025-05-27 14:31:10,666][__main__][INFO] - Classification Report (Test Set):
              precision    recall  f1-score   support

           0       0.00      0.00      0.00       129
           1       0.00      0.00      0.00       198
           2       0.60      0.56      0.58       121
           3       0.00      0.00      0.00       209
           4       0.00      0.00      0.00        60
           5       0.00      0.00      0.00       156
           6       0.37      0.93      0.53       435
           7       0.27      0.36      0.31       187
           8       0.71      0.88      0.78       187

    accuracy                           0.42      1682
   macro avg       0.22      0.30      0.24      1682
weighted avg       0.25      0.42      0.30      1682

[2025-05-27 14:31:10,676][__main__][INFO] - Confusion matrix CSV saved to /app/logs/4birds_CF_combined_log_linear_gru64_50epochs_try2/2025-05-27_14-19-07/confusion_matrix.csv
[2025-05-27 14:31:11,053][__main__][INFO] - Confusion matrix PNG saved to /app/logs/4birds_CF_combined_log_linear_gru64_50epochs_try2/2025-05-27_14-19-07/confusion_matrix.png
[2025-05-27 14:31:11,054][__main__][INFO] - Results saved to /app/logs/4birds_CF_combined_log_linear_gru64_50epochs_try2/2025-05-27_14-19-07/results.json
[2025-05-27 14:31:11,054][__main__][INFO] - Model summary saved to /app/logs/4birds_CF_combined_log_linear_gru64_50epochs_try2/2025-05-27_14-19-07/model_summary.txt
[2025-05-27 14:31:11,054][__main__][INFO] - Training completed! Best validation accuracy: 41.68%
[2025-05-27 14:31:11,054][__main__][INFO] - Test accuracy: 41.80%
[2025-05-27 14:31:11,054][__main__][INFO] - Output directory: /app/logs/4birds_CF_combined_log_linear_gru64_50epochs_try2/2025-05-27_14-19-07
