2025-06-17 11:22:39,042 - [INFO] - Hydra output directory: /app/logs/bird_classification_distillation_extract_calls/2025-06-17_11-22-38
2025-06-17 11:22:39,047 - [INFO] - Full config:
experiment_name: bird_classification_distillation_extract_calls
distillation:
  alpha: 0.4
  temperature: 3.0
  adaptive: false
  adaptation_rate: 0.1
  alpha_schedule: constant
  confidence_threshold: 0.05
training:
  epochs: 100
  batch_size: 64
  patience: 15
  min_delta: 0.0005
  seed: 42
model:
  spectrogram_type: combined_log_linear
  hidden_dim: 64
  n_mel_bins: 64
  n_linear_filters: 64
  trainable_filterbank: true
  initial_breakpoint: 4000.0
  initial_transition_width: 100.0
  n_fft: 1024
  hop_length: 320
  matchbox:
    base_filters: 32
    num_layers: 3
    kernel_size: 3
    dropout: 0.1
optimizer:
  _target_: torch.optim.AdamW
  lr: 0.0003
  weight_decay: 0.01
scheduler:
  _target_: torch.optim.lr_scheduler.ReduceLROnPlateau
  mode: min
  factor: 0.5
  patience: 5
  min_lr: 1.0e-06
dataset:
  soft_labels_path: test_soft_labels
  main_data_dir: bird_sound_dataset
  allowed_bird_classes:
  - Bubo_bubo
  - Certhia_familiaris
  - Apus_apus
  - Certhia_brachydactyla
  - Emberiza_cia
  - Lophophanes_cristatus
  - Periparus_ater
  - Poecile_montanus
  load_pregenerated_no_birds: true
  pregenerated_no_birds_dir: augmented_dataset/no_birds
  num_no_bird_samples: 836
  augmentation:
    enabled: true
    noise_level: 0.01
    time_mask_param: 30
    freq_mask_param: 10
    time_shift_limit: 0.1
    speed_perturb_rate_min: 0.95
    speed_perturb_rate_max: 1.05
  sample_rate: 32000
  clip_duration: 3.0
  lowcut: 150.0
  highcut: 16000.0
  extract_calls: true
  esc50_dir: esc-50/ESC-50-master
  val_split: 0.15
  test_split: 0.15
  seed: 42

2025-06-17 11:22:39,047 - [INFO] - Using soft labels from: /app/test_soft_labels
2025-06-17 11:22:39,048 - [INFO] - Initialized trainer on device: cuda
2025-06-17 11:22:39,048 - [INFO] - Outputs will be saved to: /app/logs/bird_classification_distillation_extract_calls/2025-06-17_11-22-38
2025-06-17 11:22:39,048 - [INFO] - Setting up data loaders with soft labels...
2025-06-17 11:22:39,229 - [INFO] - Train samples: 7832
2025-06-17 11:22:39,229 - [INFO] - Val samples: 2331
2025-06-17 11:22:39,229 - [INFO] - Test samples: 2331
2025-06-17 11:22:39,229 - [INFO] - Soft labels info: {'num_classes': 9, 'target_species': ['Poecile montanus', 'Certhia familiaris', 'Apus apus', 'Bubo bubo', 'Periparus ater', 'Emberiza cia', 'Lophophanes cristatus', 'Certhia brachydactyla', 'non-bird'], 'confidence_threshold': 0.05, 'total_files_with_soft_labels': 9986, 'files_processed': 9986}
2025-06-17 11:22:39,230 - [INFO] - Number of classes: 9
2025-06-17 11:22:39,230 - [INFO] - Class names: ['Poecile montanus', 'Certhia familiaris', 'Apus apus', 'Bubo bubo', 'Periparus ater', 'Emberiza cia', 'Lophophanes cristatus', 'Certhia brachydactyla', 'non-bird']
2025-06-17 11:22:39,230 - [INFO] - Setting up student model...
2025-06-17 11:22:39,363 - [INFO] - Student model parameters: 53,516
2025-06-17 11:22:39,363 - [INFO] - Setting up optimizer and scheduler...
2025-06-17 11:22:40,322 - [INFO] - Optimizer: AdamW
2025-06-17 11:22:40,322 - [INFO] - Scheduler: ReduceLROnPlateau
2025-06-17 11:22:40,323 - [INFO] - Setting up distillation loss...
2025-06-17 11:22:40,323 - [INFO] - Using Standard DistillationLoss
2025-06-17 11:22:40,323 - [INFO] - Alpha: 0.4, Temperature: 3.0
2025-06-17 11:22:40,323 - [INFO] - Starting training loop...
2025-06-17 11:26:55,481 - [INFO] - Epoch 1 [Train] Avg Loss: 1.1013, Avg Acc: 43.7947
2025-06-17 11:27:56,471 - [INFO] - Epoch 1 [Val] Avg Loss: 0.8588, Avg Acc: 65.6371
2025-06-17 11:27:56,471 - [INFO] - Epoch 1 - Filter params: Breakpoint=3994.10Hz, Transition Width=99.83
2025-06-17 11:27:56,471 - [INFO] - New best validation loss: 0.8588, Acc: 65.6371
2025-06-17 11:27:56,472 - [INFO] - Saving best model to /app/logs/bird_classification_distillation_extract_calls/2025-06-17_11-22-38/bird_classification_distillation_extract_calls_best_model.pth...
2025-06-17 11:31:50,093 - [INFO] - Epoch 2 [Train] Avg Loss: 0.9509, Avg Acc: 59.2952
2025-06-17 11:32:49,848 - [INFO] - Epoch 2 [Val] Avg Loss: 0.8227, Avg Acc: 71.2141
2025-06-17 11:32:49,849 - [INFO] - Epoch 2 - Filter params: Breakpoint=3988.22Hz, Transition Width=99.65
2025-06-17 11:32:49,849 - [INFO] - New best validation loss: 0.8227, Acc: 71.2141
2025-06-17 11:32:49,849 - [INFO] - Saving best model to /app/logs/bird_classification_distillation_extract_calls/2025-06-17_11-22-38/bird_classification_distillation_extract_calls_best_model.pth...
2025-06-17 11:36:49,163 - [INFO] - Epoch 3 [Train] Avg Loss: 0.8995, Avg Acc: 63.5598
2025-06-17 11:37:49,501 - [INFO] - Epoch 3 [Val] Avg Loss: 0.7529, Avg Acc: 76.9627
2025-06-17 11:37:49,501 - [INFO] - Epoch 3 - Filter params: Breakpoint=3982.36Hz, Transition Width=99.48
2025-06-17 11:37:49,501 - [INFO] - New best validation loss: 0.7529, Acc: 76.9627
2025-06-17 11:37:49,502 - [INFO] - Saving best model to /app/logs/bird_classification_distillation_extract_calls/2025-06-17_11-22-38/bird_classification_distillation_extract_calls_best_model.pth...
2025-06-17 11:41:40,742 - [INFO] - Epoch 4 [Train] Avg Loss: 0.8672, Avg Acc: 65.8708
2025-06-17 11:42:41,979 - [INFO] - Epoch 4 [Val] Avg Loss: 0.7457, Avg Acc: 76.7911
2025-06-17 11:42:41,980 - [INFO] - Epoch 4 - Filter params: Breakpoint=3976.51Hz, Transition Width=99.31
2025-06-17 11:42:41,980 - [INFO] - New best validation loss: 0.7457, Acc: 76.7911
2025-06-17 11:42:41,980 - [INFO] - Saving best model to /app/logs/bird_classification_distillation_extract_calls/2025-06-17_11-22-38/bird_classification_distillation_extract_calls_best_model.pth...
2025-06-17 11:46:39,426 - [INFO] - Epoch 5 [Train] Avg Loss: 0.8389, Avg Acc: 68.7181
2025-06-17 11:47:38,561 - [INFO] - Epoch 5 [Val] Avg Loss: 0.7396, Avg Acc: 77.6920
2025-06-17 11:47:38,562 - [INFO] - Epoch 5 - Filter params: Breakpoint=3970.71Hz, Transition Width=99.13
2025-06-17 11:47:38,562 - [INFO] - New best validation loss: 0.7396, Acc: 77.6920
2025-06-17 11:47:38,562 - [INFO] - Saving best model to /app/logs/bird_classification_distillation_extract_calls/2025-06-17_11-22-38/bird_classification_distillation_extract_calls_best_model.pth...
2025-06-17 11:51:32,081 - [INFO] - Epoch 6 [Train] Avg Loss: 0.8163, Avg Acc: 70.8887
2025-06-17 11:52:31,093 - [INFO] - Epoch 6 [Val] Avg Loss: 0.7553, Avg Acc: 76.6624
2025-06-17 11:52:31,094 - [INFO] - Epoch 6 - Filter params: Breakpoint=3964.97Hz, Transition Width=98.96
2025-06-17 11:56:25,579 - [INFO] - Epoch 7 [Train] Avg Loss: 0.8002, Avg Acc: 72.0506
2025-06-17 11:57:24,981 - [INFO] - Epoch 7 [Val] Avg Loss: 0.6957, Avg Acc: 81.3385
2025-06-17 11:57:24,981 - [INFO] - Epoch 7 - Filter params: Breakpoint=3959.24Hz, Transition Width=98.78
2025-06-17 11:57:24,981 - [INFO] - New best validation loss: 0.6957, Acc: 81.3385
2025-06-17 11:57:24,981 - [INFO] - Saving best model to /app/logs/bird_classification_distillation_extract_calls/2025-06-17_11-22-38/bird_classification_distillation_extract_calls_best_model.pth...
2025-06-17 12:01:23,394 - [INFO] - Epoch 8 [Train] Avg Loss: 0.7887, Avg Acc: 72.9443
2025-06-17 12:02:22,856 - [INFO] - Epoch 8 [Val] Avg Loss: 0.7154, Avg Acc: 80.0086
2025-06-17 12:02:22,857 - [INFO] - Epoch 8 - Filter params: Breakpoint=3953.51Hz, Transition Width=98.60
2025-06-17 12:06:22,276 - [INFO] - Epoch 9 [Train] Avg Loss: 0.7725, Avg Acc: 74.1828
2025-06-17 12:07:21,418 - [INFO] - Epoch 9 [Val] Avg Loss: 0.7281, Avg Acc: 78.9790
2025-06-17 12:07:21,419 - [INFO] - Epoch 9 - Filter params: Breakpoint=3947.78Hz, Transition Width=98.43
2025-06-17 12:11:21,064 - [INFO] - Epoch 10 [Train] Avg Loss: 0.7619, Avg Acc: 74.7574
2025-06-17 12:12:20,213 - [INFO] - Epoch 10 [Val] Avg Loss: 0.7326, Avg Acc: 78.4642
2025-06-17 12:12:20,214 - [INFO] - Epoch 10 - Filter params: Breakpoint=3942.04Hz, Transition Width=98.26
2025-06-17 12:16:09,351 - [INFO] - Epoch 11 [Train] Avg Loss: 0.7516, Avg Acc: 75.8810
2025-06-17 12:17:09,300 - [INFO] - Epoch 11 [Val] Avg Loss: 0.6721, Avg Acc: 82.4539
2025-06-17 12:17:09,301 - [INFO] - Epoch 11 - Filter params: Breakpoint=3936.30Hz, Transition Width=98.10
2025-06-17 12:17:09,301 - [INFO] - New best validation loss: 0.6721, Acc: 82.4539
2025-06-17 12:17:09,301 - [INFO] - Saving best model to /app/logs/bird_classification_distillation_extract_calls/2025-06-17_11-22-38/bird_classification_distillation_extract_calls_best_model.pth...
2025-06-17 12:21:05,089 - [INFO] - Epoch 12 [Train] Avg Loss: 0.7423, Avg Acc: 76.5832
2025-06-17 12:22:03,878 - [INFO] - Epoch 12 [Val] Avg Loss: 0.7232, Avg Acc: 79.1077
2025-06-17 12:22:03,879 - [INFO] - Epoch 12 - Filter params: Breakpoint=3930.57Hz, Transition Width=97.93
2025-06-17 12:25:56,853 - [INFO] - Epoch 13 [Train] Avg Loss: 0.7388, Avg Acc: 76.4811
2025-06-17 12:26:56,308 - [INFO] - Epoch 13 [Val] Avg Loss: 0.6657, Avg Acc: 82.8400
2025-06-17 12:26:56,309 - [INFO] - Epoch 13 - Filter params: Breakpoint=3924.84Hz, Transition Width=97.76
2025-06-17 12:26:56,309 - [INFO] - New best validation loss: 0.6657, Acc: 82.8400
2025-06-17 12:26:56,310 - [INFO] - Saving best model to /app/logs/bird_classification_distillation_extract_calls/2025-06-17_11-22-38/bird_classification_distillation_extract_calls_best_model.pth...
2025-06-17 12:30:50,327 - [INFO] - Epoch 14 [Train] Avg Loss: 0.7314, Avg Acc: 76.7875
2025-06-17 12:31:49,285 - [INFO] - Epoch 14 [Val] Avg Loss: 0.6590, Avg Acc: 83.5693
2025-06-17 12:31:49,285 - [INFO] - Epoch 14 - Filter params: Breakpoint=3919.10Hz, Transition Width=97.60
2025-06-17 12:31:49,285 - [INFO] - New best validation loss: 0.6590, Acc: 83.5693
2025-06-17 12:31:49,286 - [INFO] - Saving best model to /app/logs/bird_classification_distillation_extract_calls/2025-06-17_11-22-38/bird_classification_distillation_extract_calls_best_model.pth...
2025-06-17 12:35:52,970 - [INFO] - Epoch 15 [Train] Avg Loss: 0.7232, Avg Acc: 77.7962
2025-06-17 12:36:51,804 - [INFO] - Epoch 15 [Val] Avg Loss: 0.6534, Avg Acc: 83.5693
2025-06-17 12:36:51,804 - [INFO] - Epoch 15 - Filter params: Breakpoint=3913.36Hz, Transition Width=97.44
2025-06-17 12:36:51,804 - [INFO] - New best validation loss: 0.6534, Acc: 83.5693
2025-06-17 12:36:51,805 - [INFO] - Saving best model to /app/logs/bird_classification_distillation_extract_calls/2025-06-17_11-22-38/bird_classification_distillation_extract_calls_best_model.pth...
2025-06-17 12:40:47,040 - [INFO] - Epoch 16 [Train] Avg Loss: 0.7158, Avg Acc: 78.1410
2025-06-17 12:41:45,967 - [INFO] - Epoch 16 [Val] Avg Loss: 0.6283, Avg Acc: 85.8001
2025-06-17 12:41:45,968 - [INFO] - Epoch 16 - Filter params: Breakpoint=3907.63Hz, Transition Width=97.28
2025-06-17 12:41:45,968 - [INFO] - New best validation loss: 0.6283, Acc: 85.8001
2025-06-17 12:41:45,968 - [INFO] - Saving best model to /app/logs/bird_classification_distillation_extract_calls/2025-06-17_11-22-38/bird_classification_distillation_extract_calls_best_model.pth...
2025-06-17 12:45:43,039 - [INFO] - Epoch 17 [Train] Avg Loss: 0.7081, Avg Acc: 79.0730
2025-06-17 12:46:41,996 - [INFO] - Epoch 17 [Val] Avg Loss: 0.6360, Avg Acc: 85.4998
2025-06-17 12:46:41,997 - [INFO] - Epoch 17 - Filter params: Breakpoint=3901.90Hz, Transition Width=97.12
2025-06-17 12:50:34,500 - [INFO] - Epoch 18 [Train] Avg Loss: 0.7091, Avg Acc: 78.9070
2025-06-17 12:51:33,659 - [INFO] - Epoch 18 [Val] Avg Loss: 0.6538, Avg Acc: 83.3548
2025-06-17 12:51:33,659 - [INFO] - Epoch 18 - Filter params: Breakpoint=3896.17Hz, Transition Width=96.96
2025-06-17 12:55:27,566 - [INFO] - Epoch 19 [Train] Avg Loss: 0.7033, Avg Acc: 79.2646
2025-06-17 12:56:26,562 - [INFO] - Epoch 19 [Val] Avg Loss: 0.6262, Avg Acc: 85.9288
2025-06-17 12:56:26,563 - [INFO] - Epoch 19 - Filter params: Breakpoint=3890.44Hz, Transition Width=96.80
2025-06-17 12:56:26,563 - [INFO] - New best validation loss: 0.6262, Acc: 85.9288
2025-06-17 12:56:26,563 - [INFO] - Saving best model to /app/logs/bird_classification_distillation_extract_calls/2025-06-17_11-22-38/bird_classification_distillation_extract_calls_best_model.pth...
2025-06-17 13:00:23,352 - [INFO] - Epoch 20 [Train] Avg Loss: 0.6997, Avg Acc: 79.5965
2025-06-17 13:01:24,344 - [INFO] - Epoch 20 [Val] Avg Loss: 0.6228, Avg Acc: 86.1862
2025-06-17 13:01:24,344 - [INFO] - Epoch 20 - Filter params: Breakpoint=3884.82Hz, Transition Width=96.64
2025-06-17 13:01:24,344 - [INFO] - New best validation loss: 0.6228, Acc: 86.1862
2025-06-17 13:01:24,344 - [INFO] - Saving best model to /app/logs/bird_classification_distillation_extract_calls/2025-06-17_11-22-38/bird_classification_distillation_extract_calls_best_model.pth...
2025-06-17 13:05:24,916 - [INFO] - Epoch 21 [Train] Avg Loss: 0.6960, Avg Acc: 79.8391
2025-06-17 13:06:25,231 - [INFO] - Epoch 21 [Val] Avg Loss: 0.6384, Avg Acc: 84.8992
2025-06-17 13:06:25,231 - [INFO] - Epoch 21 - Filter params: Breakpoint=3879.20Hz, Transition Width=96.49
2025-06-17 13:10:40,422 - [INFO] - Epoch 22 [Train] Avg Loss: 0.6888, Avg Acc: 80.3626
2025-06-17 13:11:39,871 - [INFO] - Epoch 22 [Val] Avg Loss: 0.6239, Avg Acc: 85.4140
2025-06-17 13:11:39,872 - [INFO] - Epoch 22 - Filter params: Breakpoint=3873.58Hz, Transition Width=96.34
2025-06-17 13:15:33,894 - [INFO] - Epoch 23 [Train] Avg Loss: 0.6882, Avg Acc: 79.9796
2025-06-17 13:16:33,728 - [INFO] - Epoch 23 [Val] Avg Loss: 0.6085, Avg Acc: 87.3874
2025-06-17 13:16:33,730 - [INFO] - Epoch 23 - Filter params: Breakpoint=3867.97Hz, Transition Width=96.18
2025-06-17 13:16:33,730 - [INFO] - New best validation loss: 0.6085, Acc: 87.3874
2025-06-17 13:16:33,730 - [INFO] - Saving best model to /app/logs/bird_classification_distillation_extract_calls/2025-06-17_11-22-38/bird_classification_distillation_extract_calls_best_model.pth...
2025-06-17 13:20:27,487 - [INFO] - Epoch 24 [Train] Avg Loss: 0.6768, Avg Acc: 81.2947
2025-06-17 13:21:26,822 - [INFO] - Epoch 24 [Val] Avg Loss: 0.7100, Avg Acc: 78.9361
2025-06-17 13:21:26,822 - [INFO] - Epoch 24 - Filter params: Breakpoint=3862.35Hz, Transition Width=96.02
2025-06-17 13:25:19,936 - [INFO] - Epoch 25 [Train] Avg Loss: 0.6778, Avg Acc: 81.2947
2025-06-17 13:26:18,753 - [INFO] - Epoch 25 [Val] Avg Loss: 0.6264, Avg Acc: 85.8859
2025-06-17 13:26:18,753 - [INFO] - Epoch 25 - Filter params: Breakpoint=3856.74Hz, Transition Width=95.87
2025-06-17 13:30:13,334 - [INFO] - Epoch 26 [Train] Avg Loss: 0.6772, Avg Acc: 81.0266
2025-06-17 13:31:13,908 - [INFO] - Epoch 26 [Val] Avg Loss: 0.6094, Avg Acc: 87.1300
2025-06-17 13:31:13,909 - [INFO] - Epoch 26 - Filter params: Breakpoint=3851.12Hz, Transition Width=95.71
2025-06-17 13:35:06,517 - [INFO] - Epoch 27 [Train] Avg Loss: 0.6772, Avg Acc: 80.9627
2025-06-17 13:36:05,469 - [INFO] - Epoch 27 [Val] Avg Loss: 0.6064, Avg Acc: 87.4303
2025-06-17 13:36:05,469 - [INFO] - Epoch 27 - Filter params: Breakpoint=3845.50Hz, Transition Width=95.57
2025-06-17 13:36:05,469 - [INFO] - New best validation loss: 0.6064, Acc: 87.4303
2025-06-17 13:36:05,470 - [INFO] - Saving best model to /app/logs/bird_classification_distillation_extract_calls/2025-06-17_11-22-38/bird_classification_distillation_extract_calls_best_model.pth...
2025-06-17 13:40:04,269 - [INFO] - Epoch 28 [Train] Avg Loss: 0.6685, Avg Acc: 81.6905
2025-06-17 13:41:03,648 - [INFO] - Epoch 28 [Val] Avg Loss: 0.6171, Avg Acc: 86.2720
2025-06-17 13:41:03,649 - [INFO] - Epoch 28 - Filter params: Breakpoint=3839.89Hz, Transition Width=95.40
2025-06-17 13:45:05,396 - [INFO] - Epoch 29 [Train] Avg Loss: 0.6661, Avg Acc: 82.1885
2025-06-17 13:46:05,573 - [INFO] - Epoch 29 [Val] Avg Loss: 0.6103, Avg Acc: 86.1862
2025-06-17 13:46:05,574 - [INFO] - Epoch 29 - Filter params: Breakpoint=3834.28Hz, Transition Width=95.26
2025-06-17 13:49:56,684 - [INFO] - Epoch 30 [Train] Avg Loss: 0.6698, Avg Acc: 81.6777
2025-06-17 13:50:55,752 - [INFO] - Epoch 30 [Val] Avg Loss: 0.6192, Avg Acc: 85.3282
2025-06-17 13:50:55,752 - [INFO] - Epoch 30 - Filter params: Breakpoint=3828.67Hz, Transition Width=95.10
2025-06-17 13:54:59,727 - [INFO] - Epoch 31 [Train] Avg Loss: 0.6671, Avg Acc: 81.8820
2025-06-17 13:55:58,833 - [INFO] - Epoch 31 [Val] Avg Loss: 0.6084, Avg Acc: 86.7010
2025-06-17 13:55:58,833 - [INFO] - Epoch 31 - Filter params: Breakpoint=3823.06Hz, Transition Width=94.95
2025-06-17 13:59:56,240 - [INFO] - Epoch 32 [Train] Avg Loss: 0.6627, Avg Acc: 82.1757
2025-06-17 14:00:55,177 - [INFO] - Epoch 32 [Val] Avg Loss: 0.6056, Avg Acc: 86.6152
2025-06-17 14:00:55,177 - [INFO] - Epoch 32 - Filter params: Breakpoint=3817.45Hz, Transition Width=94.79
2025-06-17 14:00:55,177 - [INFO] - New best validation loss: 0.6056, Acc: 86.6152
2025-06-17 14:00:55,178 - [INFO] - Saving best model to /app/logs/bird_classification_distillation_extract_calls/2025-06-17_11-22-38/bird_classification_distillation_extract_calls_best_model.pth...
2025-06-17 14:04:47,794 - [INFO] - Epoch 33 [Train] Avg Loss: 0.6618, Avg Acc: 82.3544
2025-06-17 14:05:46,703 - [INFO] - Epoch 33 [Val] Avg Loss: 0.6065, Avg Acc: 86.7868
2025-06-17 14:05:46,703 - [INFO] - Epoch 33 - Filter params: Breakpoint=3811.84Hz, Transition Width=94.64
2025-06-17 14:09:36,614 - [INFO] - Epoch 34 [Train] Avg Loss: 0.6599, Avg Acc: 82.5715
2025-06-17 14:10:35,333 - [INFO] - Epoch 34 [Val] Avg Loss: 0.5991, Avg Acc: 87.6877
2025-06-17 14:10:35,334 - [INFO] - Epoch 34 - Filter params: Breakpoint=3806.30Hz, Transition Width=94.49
2025-06-17 14:10:35,334 - [INFO] - New best validation loss: 0.5991, Acc: 87.6877
2025-06-17 14:10:35,334 - [INFO] - Saving best model to /app/logs/bird_classification_distillation_extract_calls/2025-06-17_11-22-38/bird_classification_distillation_extract_calls_best_model.pth...
2025-06-17 14:14:22,546 - [INFO] - Epoch 35 [Train] Avg Loss: 0.6548, Avg Acc: 82.3800
2025-06-17 14:15:21,066 - [INFO] - Epoch 35 [Val] Avg Loss: 0.6044, Avg Acc: 85.9717
2025-06-17 14:15:21,066 - [INFO] - Epoch 35 - Filter params: Breakpoint=3800.80Hz, Transition Width=94.33
2025-06-17 14:19:09,124 - [INFO] - Epoch 36 [Train] Avg Loss: 0.6560, Avg Acc: 82.6864
2025-06-17 14:20:08,177 - [INFO] - Epoch 36 [Val] Avg Loss: 0.6132, Avg Acc: 86.6152
2025-06-17 14:20:08,178 - [INFO] - Epoch 36 - Filter params: Breakpoint=3795.31Hz, Transition Width=94.18
2025-06-17 14:24:01,223 - [INFO] - Epoch 37 [Train] Avg Loss: 0.6532, Avg Acc: 82.7120
2025-06-17 14:24:59,648 - [INFO] - Epoch 37 [Val] Avg Loss: 0.6020, Avg Acc: 86.7439
2025-06-17 14:24:59,649 - [INFO] - Epoch 37 - Filter params: Breakpoint=3789.82Hz, Transition Width=94.02
2025-06-17 14:29:02,010 - [INFO] - Epoch 38 [Train] Avg Loss: 0.6473, Avg Acc: 83.3631
2025-06-17 14:30:01,372 - [INFO] - Epoch 38 [Val] Avg Loss: 0.6007, Avg Acc: 86.9584
2025-06-17 14:30:01,373 - [INFO] - Epoch 38 - Filter params: Breakpoint=3784.32Hz, Transition Width=93.87
2025-06-17 14:33:52,802 - [INFO] - Epoch 39 [Train] Avg Loss: 0.6475, Avg Acc: 83.0439
2025-06-17 14:34:50,960 - [INFO] - Epoch 39 [Val] Avg Loss: 0.6030, Avg Acc: 86.8297
2025-06-17 14:34:50,960 - [INFO] - Epoch 39 - Filter params: Breakpoint=3778.83Hz, Transition Width=93.72
2025-06-17 14:38:46,138 - [INFO] - Epoch 40 [Train] Avg Loss: 0.6463, Avg Acc: 83.0184
2025-06-17 14:39:45,288 - [INFO] - Epoch 40 [Val] Avg Loss: 0.6024, Avg Acc: 86.7439
2025-06-17 14:39:45,289 - [INFO] - Epoch 40 - Filter params: Breakpoint=3773.34Hz, Transition Width=93.56
2025-06-17 14:43:49,802 - [INFO] - Epoch 41 [Train] Avg Loss: 0.6370, Avg Acc: 84.1420
2025-06-17 14:44:49,549 - [INFO] - Epoch 41 [Val] Avg Loss: 0.6224, Avg Acc: 85.2853
2025-06-17 14:44:49,549 - [INFO] - Epoch 41 - Filter params: Breakpoint=3770.59Hz, Transition Width=93.49
2025-06-17 14:48:48,126 - [INFO] - Epoch 42 [Train] Avg Loss: 0.6369, Avg Acc: 84.2058
2025-06-17 14:49:47,754 - [INFO] - Epoch 42 [Val] Avg Loss: 0.5934, Avg Acc: 87.7735
2025-06-17 14:49:47,755 - [INFO] - Epoch 42 - Filter params: Breakpoint=3767.84Hz, Transition Width=93.41
2025-06-17 14:49:47,755 - [INFO] - New best validation loss: 0.5934, Acc: 87.7735
2025-06-17 14:49:47,756 - [INFO] - Saving best model to /app/logs/bird_classification_distillation_extract_calls/2025-06-17_11-22-38/bird_classification_distillation_extract_calls_best_model.pth...
2025-06-17 14:53:58,870 - [INFO] - Epoch 43 [Train] Avg Loss: 0.6349, Avg Acc: 84.0143
2025-06-17 14:54:58,320 - [INFO] - Epoch 43 [Val] Avg Loss: 0.5909, Avg Acc: 87.9022
2025-06-17 14:54:58,320 - [INFO] - Epoch 43 - Filter params: Breakpoint=3765.09Hz, Transition Width=93.33
2025-06-17 14:54:58,320 - [INFO] - New best validation loss: 0.5909, Acc: 87.9022
2025-06-17 14:54:58,320 - [INFO] - Saving best model to /app/logs/bird_classification_distillation_extract_calls/2025-06-17_11-22-38/bird_classification_distillation_extract_calls_best_model.pth...
2025-06-17 14:59:09,363 - [INFO] - Epoch 44 [Train] Avg Loss: 0.6299, Avg Acc: 84.7932
2025-06-17 15:00:09,387 - [INFO] - Epoch 44 [Val] Avg Loss: 0.5965, Avg Acc: 86.9584
2025-06-17 15:00:09,388 - [INFO] - Epoch 44 - Filter params: Breakpoint=3762.34Hz, Transition Width=93.25
2025-06-17 15:04:06,933 - [INFO] - Epoch 45 [Train] Avg Loss: 0.6276, Avg Acc: 84.4612
2025-06-17 15:05:05,971 - [INFO] - Epoch 45 [Val] Avg Loss: 0.6042, Avg Acc: 86.7439
2025-06-17 15:05:05,971 - [INFO] - Epoch 45 - Filter params: Breakpoint=3759.59Hz, Transition Width=93.18
2025-06-17 15:09:06,557 - [INFO] - Epoch 46 [Train] Avg Loss: 0.6313, Avg Acc: 84.2824
2025-06-17 15:10:05,962 - [INFO] - Epoch 46 [Val] Avg Loss: 0.6105, Avg Acc: 85.9717
2025-06-17 15:10:05,963 - [INFO] - Epoch 46 - Filter params: Breakpoint=3756.83Hz, Transition Width=93.11
2025-06-17 15:14:07,816 - [INFO] - Epoch 47 [Train] Avg Loss: 0.6269, Avg Acc: 84.4867
2025-06-17 15:15:08,910 - [INFO] - Epoch 47 [Val] Avg Loss: 0.6001, Avg Acc: 86.8726
2025-06-17 15:15:08,911 - [INFO] - Epoch 47 - Filter params: Breakpoint=3754.08Hz, Transition Width=93.03
2025-06-17 15:19:07,826 - [INFO] - Epoch 48 [Train] Avg Loss: 0.6280, Avg Acc: 84.6016
2025-06-17 15:20:07,496 - [INFO] - Epoch 48 [Val] Avg Loss: 0.5880, Avg Acc: 87.9451
2025-06-17 15:20:07,496 - [INFO] - Epoch 48 - Filter params: Breakpoint=3751.33Hz, Transition Width=92.96
2025-06-17 15:20:07,497 - [INFO] - New best validation loss: 0.5880, Acc: 87.9451
2025-06-17 15:20:07,497 - [INFO] - Saving best model to /app/logs/bird_classification_distillation_extract_calls/2025-06-17_11-22-38/bird_classification_distillation_extract_calls_best_model.pth...
2025-06-17 15:24:04,227 - [INFO] - Epoch 49 [Train] Avg Loss: 0.6285, Avg Acc: 84.5123
2025-06-17 15:25:04,006 - [INFO] - Epoch 49 [Val] Avg Loss: 0.5860, Avg Acc: 87.7306
2025-06-17 15:25:04,007 - [INFO] - Epoch 49 - Filter params: Breakpoint=3748.58Hz, Transition Width=92.88
2025-06-17 15:25:04,007 - [INFO] - New best validation loss: 0.5860, Acc: 87.7306
2025-06-17 15:25:04,007 - [INFO] - Saving best model to /app/logs/bird_classification_distillation_extract_calls/2025-06-17_11-22-38/bird_classification_distillation_extract_calls_best_model.pth...
2025-06-17 15:29:01,308 - [INFO] - Epoch 50 [Train] Avg Loss: 0.6327, Avg Acc: 83.7589
2025-06-17 15:30:01,088 - [INFO] - Epoch 50 [Val] Avg Loss: 0.5753, Avg Acc: 88.6744
2025-06-17 15:30:01,088 - [INFO] - Epoch 50 - Filter params: Breakpoint=3745.83Hz, Transition Width=92.81
2025-06-17 15:30:01,089 - [INFO] - New best validation loss: 0.5753, Acc: 88.6744
2025-06-17 15:30:01,089 - [INFO] - Saving best model to /app/logs/bird_classification_distillation_extract_calls/2025-06-17_11-22-38/bird_classification_distillation_extract_calls_best_model.pth...
2025-06-17 15:33:58,235 - [INFO] - Epoch 51 [Train] Avg Loss: 0.6264, Avg Acc: 84.6399
2025-06-17 15:34:58,258 - [INFO] - Epoch 51 [Val] Avg Loss: 0.5957, Avg Acc: 87.3016
2025-06-17 15:34:58,258 - [INFO] - Epoch 51 - Filter params: Breakpoint=3743.08Hz, Transition Width=92.73
2025-06-17 15:38:48,414 - [INFO] - Epoch 52 [Train] Avg Loss: 0.6283, Avg Acc: 84.4995
2025-06-17 15:39:48,088 - [INFO] - Epoch 52 [Val] Avg Loss: 0.5860, Avg Acc: 88.1167
2025-06-17 15:39:48,089 - [INFO] - Epoch 52 - Filter params: Breakpoint=3740.33Hz, Transition Width=92.65
2025-06-17 15:43:44,083 - [INFO] - Epoch 53 [Train] Avg Loss: 0.6276, Avg Acc: 84.6527
2025-06-17 15:44:43,870 - [INFO] - Epoch 53 [Val] Avg Loss: 0.5799, Avg Acc: 88.4170
2025-06-17 15:44:43,870 - [INFO] - Epoch 53 - Filter params: Breakpoint=3737.58Hz, Transition Width=92.58
2025-06-17 15:48:44,723 - [INFO] - Epoch 54 [Train] Avg Loss: 0.6236, Avg Acc: 84.7804
2025-06-17 15:49:44,499 - [INFO] - Epoch 54 [Val] Avg Loss: 0.5827, Avg Acc: 88.5028
2025-06-17 15:49:44,499 - [INFO] - Epoch 54 - Filter params: Breakpoint=3734.83Hz, Transition Width=92.50
2025-06-17 15:53:38,966 - [INFO] - Epoch 55 [Train] Avg Loss: 0.6268, Avg Acc: 84.6016
2025-06-17 15:54:38,005 - [INFO] - Epoch 55 [Val] Avg Loss: 0.6040, Avg Acc: 86.9155
2025-06-17 15:54:38,006 - [INFO] - Epoch 55 - Filter params: Breakpoint=3732.08Hz, Transition Width=92.43
2025-06-17 15:58:30,927 - [INFO] - Epoch 56 [Train] Avg Loss: 0.6253, Avg Acc: 84.6016
2025-06-17 15:59:30,158 - [INFO] - Epoch 56 [Val] Avg Loss: 0.5974, Avg Acc: 87.2587
2025-06-17 15:59:30,159 - [INFO] - Epoch 56 - Filter params: Breakpoint=3729.32Hz, Transition Width=92.35
2025-06-17 16:03:28,030 - [INFO] - Epoch 57 [Train] Avg Loss: 0.6223, Avg Acc: 84.6527
2025-06-17 16:04:27,470 - [INFO] - Epoch 57 [Val] Avg Loss: 0.5892, Avg Acc: 88.0309
2025-06-17 16:04:27,470 - [INFO] - Epoch 57 - Filter params: Breakpoint=3727.89Hz, Transition Width=92.31
2025-06-17 16:08:19,261 - [INFO] - Epoch 58 [Train] Avg Loss: 0.6151, Avg Acc: 85.6486
2025-06-17 16:09:19,308 - [INFO] - Epoch 58 [Val] Avg Loss: 0.5911, Avg Acc: 87.8593
2025-06-17 16:09:19,308 - [INFO] - Epoch 58 - Filter params: Breakpoint=3726.45Hz, Transition Width=92.27
2025-06-17 16:13:13,337 - [INFO] - Epoch 59 [Train] Avg Loss: 0.6145, Avg Acc: 85.9295
2025-06-17 16:14:13,433 - [INFO] - Epoch 59 [Val] Avg Loss: 0.5884, Avg Acc: 87.7735
2025-06-17 16:14:13,434 - [INFO] - Epoch 59 - Filter params: Breakpoint=3725.02Hz, Transition Width=92.23
2025-06-17 16:18:10,299 - [INFO] - Epoch 60 [Train] Avg Loss: 0.6133, Avg Acc: 85.8274
2025-06-17 16:19:11,011 - [INFO] - Epoch 60 [Val] Avg Loss: 0.5849, Avg Acc: 87.8593
2025-06-17 16:19:11,012 - [INFO] - Epoch 60 - Filter params: Breakpoint=3723.58Hz, Transition Width=92.19
2025-06-17 16:23:06,192 - [INFO] - Epoch 61 [Train] Avg Loss: 0.6143, Avg Acc: 85.3294
2025-06-17 16:24:06,252 - [INFO] - Epoch 61 [Val] Avg Loss: 0.5867, Avg Acc: 88.1596
2025-06-17 16:24:06,253 - [INFO] - Epoch 61 - Filter params: Breakpoint=3722.15Hz, Transition Width=92.16
2025-06-17 16:27:58,968 - [INFO] - Epoch 62 [Train] Avg Loss: 0.6162, Avg Acc: 85.2400
2025-06-17 16:29:00,179 - [INFO] - Epoch 62 [Val] Avg Loss: 0.5811, Avg Acc: 88.2025
2025-06-17 16:29:00,180 - [INFO] - Epoch 62 - Filter params: Breakpoint=3720.71Hz, Transition Width=92.12
2025-06-17 16:32:50,783 - [INFO] - Epoch 63 [Train] Avg Loss: 0.6087, Avg Acc: 86.3636
2025-06-17 16:33:51,284 - [INFO] - Epoch 63 [Val] Avg Loss: 0.5824, Avg Acc: 88.2454
2025-06-17 16:33:51,284 - [INFO] - Epoch 63 - Filter params: Breakpoint=3720.11Hz, Transition Width=92.10
2025-06-17 16:37:56,224 - [INFO] - Epoch 64 [Train] Avg Loss: 0.6134, Avg Acc: 85.3550
2025-06-17 16:38:56,569 - [INFO] - Epoch 64 [Val] Avg Loss: 0.5794, Avg Acc: 88.4599
2025-06-17 16:38:56,569 - [INFO] - Epoch 64 - Filter params: Breakpoint=3719.52Hz, Transition Width=92.09
2025-06-17 16:42:56,577 - [INFO] - Epoch 65 [Train] Avg Loss: 0.6152, Avg Acc: 85.6997
2025-06-17 16:43:56,186 - [INFO] - Epoch 65 [Val] Avg Loss: 0.6021, Avg Acc: 86.6581
2025-06-17 16:43:56,187 - [INFO] - Epoch 65 - Filter params: Breakpoint=3718.92Hz, Transition Width=92.07
2025-06-17 16:43:56,187 - [INFO] - Early stopping triggered.
2025-06-17 16:43:56,187 - [INFO] - Training loop finished.
2025-06-17 16:43:58,176 - [INFO] - Saved training plots to /app/logs/bird_classification_distillation_extract_calls/2025-06-17_11-22-38/training_history.png
2025-06-17 16:43:58,180 - [INFO] - Saved filter parameters evolution to /app/logs/bird_classification_distillation_extract_calls/2025-06-17_11-22-38/filter_parameters_evolution.csv
2025-06-17 16:44:02,541 - [INFO] - Generated 2 advanced analysis plots
2025-06-17 16:44:02,541 - [INFO] - Starting testing...
2025-06-17 16:44:02,541 - [INFO] - Loading best model from /app/logs/bird_classification_distillation_extract_calls/2025-06-17_11-22-38/bird_classification_distillation_extract_calls_best_model.pth for testing...
2025-06-17 16:44:54,608 - [INFO] - Test Accuracy: 0.8932
2025-06-17 16:44:54,626 - [INFO] - Test Report:
                       precision    recall  f1-score   support

     Poecile montanus       0.83      0.81      0.82       129
   Certhia familiaris       0.81      0.86      0.83       198
            Apus apus       0.93      0.93      0.93       121
            Bubo bubo       0.87      0.84      0.85       209
       Periparus ater       0.92      0.73      0.81        60
         Emberiza cia       0.86      0.83      0.84       156
Lophophanes cristatus       0.83      0.89      0.86       435
Certhia brachydactyla       0.81      0.73      0.77       187
             non-bird       0.98      0.98      0.98       836

             accuracy                           0.89      2331
            macro avg       0.87      0.85      0.86      2331
         weighted avg       0.89      0.89      0.89      2331

2025-06-17 16:44:54,627 - [INFO] - Generating confusion matrix...
2025-06-17 16:44:54,631 - [INFO] - Confusion matrix CSV saved to /app/logs/bird_classification_distillation_extract_calls/2025-06-17_11-22-38/confusion_matrix.csv
2025-06-17 16:44:55,057 - [INFO] - Confusion matrix PNG saved to /app/logs/bird_classification_distillation_extract_calls/2025-06-17_11-22-38/confusion_matrix.png
2025-06-17 16:44:55,059 - [INFO] - Results saved to /app/logs/bird_classification_distillation_extract_calls/2025-06-17_11-22-38/results.json
2025-06-17 16:44:55,061 - [INFO] - Model summary saved to /app/logs/bird_classification_distillation_extract_calls/2025-06-17_11-22-38/model_summary.txt
2025-06-17 16:44:55,063 - [INFO] - Results saved to /app/logs/bird_classification_distillation_extract_calls/2025-06-17_11-22-38/results.json
2025-06-17 16:44:55,063 - [INFO] - --- Distillation Training Completed ---
2025-06-17 16:44:55,063 - [INFO] - Final test accuracy: 0.8932
2025-06-17 16:44:55,063 - [INFO] - Results and plots saved to: /app/logs/bird_classification_distillation_extract_calls/2025-06-17_11-22-38
