2025-06-16 15:06:57,446 - [INFO] - Hydra output directory: /app/logs/bird_classification_distillation/2025-06-16_15-06-57
2025-06-16 15:06:57,453 - [INFO] - Full config:
experiment_name: bird_classification_distillation
distillation:
  alpha: 0.3
  temperature: 4.0
  adaptive: false
  adaptation_rate: 0.1
  alpha_schedule: constant
  confidence_threshold: 0.05
training:
  epochs: 100
  batch_size: 32
  patience: 20
  min_delta: 0.001
  seed: 42
model:
  spectrogram_type: combined_log_linear
  hidden_dim: 64
  n_mel_bins: 64
  n_linear_filters: 64
  trainable_filterbank: true
  initial_breakpoint: 4000.0
  initial_transition_width: 100.0
  n_fft: 1024
  hop_length: 320
  matchbox:
    base_filters: 32
    num_layers: 3
    kernel_size: 3
    dropout: 0.1
optimizer:
  _target_: torch.optim.AdamW
  lr: 0.0005
  weight_decay: 0.01
scheduler:
  _target_: torch.optim.lr_scheduler.ReduceLROnPlateau
  mode: min
  factor: 0.5
  patience: 5
  min_lr: 1.0e-06
dataset:
  soft_labels_path: test_soft_labels
  main_data_dir: bird_sound_dataset
  allowed_bird_classes:
  - Bubo_bubo
  - Certhia_familiaris
  - Apus_apus
  - Certhia_brachydactyla
  - Emberiza_cia
  - Lophophanes_cristatus
  - Periparus_ater
  - Poecile_montanus
  load_pregenerated_no_birds: true
  pregenerated_no_birds_dir: augmented_dataset/no_birds
  num_no_bird_samples: 836
  augmentation:
    enabled: true
    noise_level: 0.01
    time_mask_param: 30
    freq_mask_param: 10
    time_shift_limit: 0.1
    speed_perturb_rate_min: 0.95
    speed_perturb_rate_max: 1.05
  sample_rate: 32000
  clip_duration: 3.0
  lowcut: 150.0
  highcut: 16000.0
  extract_calls: false
  esc50_dir: esc-50/ESC-50-master
  val_split: 0.15
  test_split: 0.15
  seed: 42

2025-06-16 15:06:57,453 - [INFO] - Using soft labels from: /app/test_soft_labels
2025-06-16 15:06:57,454 - [ERROR] - An error occurred during training or testing: name 'torch' is not defined
Traceback (most recent call last):
  File "/app/distillation/scripts/train_distillation.py", line 560, in main
    trainer = DistillationTrainer(config=cfg, soft_labels_path=soft_labels_path, output_dir=output_dir)
  File "/app/distillation/scripts/train_distillation.py", line 95, in __init__
    self.device = torch.device('cuda' if torch.cuda.is_available() else 'cpu')
NameError: name 'torch' is not defined
